<?xml version="1.0" encoding="UTF-8"?>
<testng-results skipped="5" failed="2" total="30" passed="23">
  <reporter-output>
    <line>
      <![CDATA[<br><strong> Open CRM Application </strong></br>]]>
    </line>
    <line>
      <![CDATA[<br><strong>Choose 'Standard Authentication' login method from Drop down.</strong></br>]]>
    </line>
    <line>
      <![CDATA[<br><strong> Login to CRM as admin</strong></br>]]>
    </line>
    <line>
      <![CDATA[</br>&nbsp;&nbsp;&nbsp;&nbsp;CRM User Name : admin</br>]]>
    </line>
    <line>
      <![CDATA[</br>&nbsp;&nbsp;&nbsp;&nbsp;CRM Password : dragon459</br>]]>
    </line>
    <line>
      <![CDATA[<br><strong> Click on Owls Administrator </strong></br>]]>
    </line>
    <line>
      <![CDATA[<br><strong> Select Admin option .</strong></br>]]>
    </line>
    <line>
      <![CDATA[<br><strong> Click on Test Data CleanUP Option</strong></br>]]>
    </line>
    <line>
      <![CDATA[<br><strong> Select current user </strong></br>]]>
    </line>
    <line>
      <![CDATA[<br><strong> Click on Run Cleanup </strong></br>]]>
    </line>
    <line>
      <![CDATA[<strong> <h3 style="color:DarkViolet"> TC_Portal_008: To verify Online user submits a advanced application with conditions to trigger the 'Review Application'  task.</h3> </strong>]]>
    </line>
    <line>
      <![CDATA[<br><strong>Step 1 Open url:<a>https://owls-portal-qa.genixventures.com/user/login</a></strong></br>]]>
    </line>
    <line>
      <![CDATA[<br><strong>Step 2 Enter Username.</strong></br>]]>
    </line>
    <line>
      <![CDATA[</br>&nbsp;&nbsp;&nbsp;&nbsp; Portal UserName: ankit.patel</br>]]>
    </line>
    <line>
      <![CDATA[<br><strong>Step 3 Enter Password.</strong></br>]]>
    </line>
    <line>
      <![CDATA[</br>&nbsp;&nbsp;&nbsp;&nbsp; Password: patel12!</br>]]>
    </line>
    <line>
      <![CDATA[<br><strong>Step 4 Click on Login icon.</strong></br>]]>
    </line>
    <line>
      <![CDATA[<br><strong>Step 5 Click on Personal Menu.</strong></br>]]>
    </line>
    <line>
      <![CDATA[<br><strong>Step 6 Click on Details Menu.</strong></br>]]>
    </line>
    <line>
      <![CDATA[<br><strong>Step 7 Click on Contact Details Option.</strong></br>]]>
    </line>
    <line>
      <![CDATA[<br><strong>Step 8 Click on Application Menu.</strong></br>]]>
    </line>
    <line>
      <![CDATA[<br><strong>Step 9 Click on Create Application button.</strong></br>]]>
    </line>
    <line>
      <![CDATA[<br><strong>Step 10 Select Application type from Drop down.</strong></br>]]>
    </line>
    <line>
      <![CDATA[<br><strong>Step 11 Click on Next button</strong></br>]]>
    </line>
    <line>
      <![CDATA[<h3><b style='color:#E27A12'>&nbsp;&nbsp;&nbsp;Verify Operating Address retrived correctly from User's Contact Details->Primary Address.</h3></b>]]>
    </line>
    <line>
      <![CDATA[<strong> <h3 style="color:DarkGreen">  &#10004; <i>  SUCCESSFUL </i></h3> </strong> ]]>
    </line>
    <line>
      <![CDATA[<br><strong>Step 12 Select 'Same as above' checkbox'.</strong></br>]]>
    </line>
    <line>
      <![CDATA[<h3><b style='color:#E27A12'>&nbsp;&nbsp;&nbsp;Verify Postal Address pasted correctly as same as Specified Premises.</h3></b>]]>
    </line>
    <line>
      <![CDATA[<strong> <h3 style="color:DarkGreen">  &#10004; <i>  SUCCESSFUL </i></h3> </strong> ]]>
    </line>
    <line>
      <![CDATA[<br><strong>13 Select 'I have prior convictions' radio button and enter offence details as below.</strong></br>]]>
    </line>
    <line>
      <![CDATA[</br>&nbsp;&nbsp;&nbsp;&nbsp;Offence: rVSCQkuLKn</br>]]>
    </line>
    <line>
      <![CDATA[</br>&nbsp;&nbsp;&nbsp;&nbsp;Offence Year: 2002</br>]]>
    </line>
    <line>
      <![CDATA[</br>&nbsp;&nbsp;&nbsp;&nbsp;Offence State: VIC</br>]]>
    </line>
    <line>
      <![CDATA[<h3><b style='color:#E27A12'>&nbsp;&nbsp;&nbsp;Verify that Conviction data should be displayed below conviction form.</h3></b>]]>
    </line>
    <line>
      <![CDATA[<strong> <h3 style="color:DarkGreen">  &#10004; <i>  SUCCESSFUL </i></h3> </strong> ]]>
    </line>
    <line>
      <![CDATA[<br><strong>Step 14 Choose Prefered Licence Expiry.</strong></br>]]>
    </line>
    <line>
      <![CDATA[<br><strong>Step 15 Select 'Do you have any wildlife in your possession at the time of this application?' to YES.</strong></br>]]>
    </line>
    <line>
      <![CDATA[<br><strong>Step 16 Enter 'Licence Number'.</strong></br>]]>
    </line>
    <line>
      <![CDATA[<br><strong>Step 17 Select 'Species'.</strong></br>]]>
    </line>
    <line>
      <![CDATA[<br><strong>Step 18 Enter number of species.</strong></br>]]>
    </line>
    <line>
      <![CDATA[<br><strong>Step 19Select Species description (Alive/Dead)</strong></br>]]>
    </line>
    <line>
      <![CDATA[<br><strong>Step 20 Click on 'Add Species' button</strong></br>]]>
    </line>
    <line>
      <![CDATA[<h3><b style='color:#E27A12'>&nbsp;&nbsp;&nbsp;Verify that if User has selected any wildlife possession at the time of application persisted in the Species Table</h3></b>]]>
    </line>
    <line>
      <![CDATA[<br> <b>Please look to the screenshot - </b>]]>
    </line>
    <line>
      <![CDATA[</br>&nbsp;&nbsp;&nbsp;&nbsp;<br><Strong><font color=#FF0000>--Failed</font></strong></br>]]>
    </line>
    <line>
      <![CDATA[</br>&nbsp;&nbsp;&nbsp;&nbsp;<a href='../test-output/screenshots/1201123521217verifyCreateApplication.png' target='_new'>1201123521217verifyCreateApplication.png</a></br>]]>
    </line>
    <line>
      <![CDATA[<br></br><h3>Failure Reason:</h3>]]>
    </line>
    <line>
      <![CDATA[<br></br>org.openqa.selenium.InvalidSelectorException: invalid selector: Unable to locate an element with the xpath expression //*[@id=&apos;edit-owls-number-of-species-table&apos;]//span[text()=&apos;Baudin&apos;s Black-cockatoo - Calyptorhynchus baudinii - 266&apos;]//..//..//td[3]//span because of the following error:]]>
    </line>
    <line>
      <![CDATA[<strong> <h3 style="color:DarkViolet"> TC_Portal_008: To verify Online user submits a advanced application with conditions to trigger the 'Review Application'  task.</h3> </strong>]]>
    </line>
    <line>
      <![CDATA[<br><strong>Step 1 Open url:<a>https://owls-portal-qa.genixventures.com/user/login</a></strong></br>]]>
    </line>
    <line>
      <![CDATA[<br><strong>Step 2 Enter Username.</strong></br>]]>
    </line>
    <line>
      <![CDATA[</br>&nbsp;&nbsp;&nbsp;&nbsp; Portal UserName: ankit.patel</br>]]>
    </line>
    <line>
      <![CDATA[<br><strong>Step 3 Enter Password.</strong></br>]]>
    </line>
    <line>
      <![CDATA[</br>&nbsp;&nbsp;&nbsp;&nbsp; Password: patel12!</br>]]>
    </line>
    <line>
      <![CDATA[<br><strong>Step 4 Click on Login icon.</strong></br>]]>
    </line>
    <line>
      <![CDATA[<br><strong>Step 5 Click on Personal Menu.</strong></br>]]>
    </line>
    <line>
      <![CDATA[<br><strong>Step 6 Click on Details Menu.</strong></br>]]>
    </line>
    <line>
      <![CDATA[<br><strong>Step 7 Click on Contact Details Option.</strong></br>]]>
    </line>
    <line>
      <![CDATA[<br><strong>Step 8 Click on Application Menu.</strong></br>]]>
    </line>
    <line>
      <![CDATA[<br><strong>Step 9 Click on Create Application button.</strong></br>]]>
    </line>
    <line>
      <![CDATA[<br><strong>Step 10 Select Application type from Drop down.</strong></br>]]>
    </line>
    <line>
      <![CDATA[<br><strong>Step 11 Click on Next button</strong></br>]]>
    </line>
    <line>
      <![CDATA[<h3><b style='color:#E27A12'>&nbsp;&nbsp;&nbsp;Verify Operating Address retrived correctly from User's Contact Details->Primary Address.</h3></b>]]>
    </line>
    <line>
      <![CDATA[<strong> <h3 style="color:DarkGreen">  &#10004; <i>  SUCCESSFUL </i></h3> </strong> ]]>
    </line>
    <line>
      <![CDATA[<br><strong>Step 12 Select 'Same as above' checkbox'.</strong></br>]]>
    </line>
    <line>
      <![CDATA[<h3><b style='color:#E27A12'>&nbsp;&nbsp;&nbsp;Verify Postal Address pasted correctly as same as Specified Premises.</h3></b>]]>
    </line>
    <line>
      <![CDATA[<strong> <h3 style="color:DarkGreen">  &#10004; <i>  SUCCESSFUL </i></h3> </strong> ]]>
    </line>
    <line>
      <![CDATA[<br><strong>13 Select 'I have prior convictions' radio button and enter offence details as below.</strong></br>]]>
    </line>
    <line>
      <![CDATA[</br>&nbsp;&nbsp;&nbsp;&nbsp;Offence: wtirXWJDKa</br>]]>
    </line>
    <line>
      <![CDATA[</br>&nbsp;&nbsp;&nbsp;&nbsp;Offence Year: 2009</br>]]>
    </line>
    <line>
      <![CDATA[</br>&nbsp;&nbsp;&nbsp;&nbsp;Offence State: VIC</br>]]>
    </line>
    <line>
      <![CDATA[<h3><b style='color:#E27A12'>&nbsp;&nbsp;&nbsp;Verify that Conviction data should be displayed below conviction form.</h3></b>]]>
    </line>
    <line>
      <![CDATA[<strong> <h3 style="color:DarkGreen">  &#10004; <i>  SUCCESSFUL </i></h3> </strong> ]]>
    </line>
    <line>
      <![CDATA[<br><strong>Step 14 Choose Prefered Licence Expiry.</strong></br>]]>
    </line>
    <line>
      <![CDATA[<br><strong>Step 15 Select 'Do you have any wildlife in your possession at the time of this application?' to YES.</strong></br>]]>
    </line>
    <line>
      <![CDATA[<br><strong>Step 16 Enter 'Licence Number'.</strong></br>]]>
    </line>
    <line>
      <![CDATA[<br><strong>Step 17 Select 'Species'.</strong></br>]]>
    </line>
    <line>
      <![CDATA[<br><strong>Step 18 Enter number of species.</strong></br>]]>
    </line>
    <line>
      <![CDATA[<br><strong>Step 19Select Species description (Alive/Dead)</strong></br>]]>
    </line>
    <line>
      <![CDATA[<br><strong>Step 20 Click on 'Add Species' button</strong></br>]]>
    </line>
    <line>
      <![CDATA[<h3><b style='color:#E27A12'>&nbsp;&nbsp;&nbsp;Verify that if User has selected any wildlife possession at the time of application persisted in the Species Table</h3></b>]]>
    </line>
    <line>
      <![CDATA[<strong> <h3 style="color:DarkGreen">  &#10004; <i>  SUCCESSFUL </i></h3> </strong> ]]>
    </line>
    <line>
      <![CDATA[<br><strong>Step 21 Choose I Agree from Declaration By Applicant Options.</strong></br>]]>
    </line>
    <line>
      <![CDATA[<br><strong>Step 22 Click on submit.</strong></br>]]>
    </line>
    <line>
      <![CDATA[<br><strong>Step 23 Navigate to My Application page.</strong></br>]]>
    </line>
    <line>
      <![CDATA[<h3><b style='color:#1466B8'>&nbsp;&nbsp;&nbsp;Verify that created application is displayed on Apllication list of 'My Application' page.</h3></b>]]>
    </line>
    <line>
      <![CDATA[<strong> <h3 style="color:DarkGreen">  &#10004; <i>  SUCCESSFUL </i></h3> </strong> ]]>
    </line>
    <line>
      <![CDATA[</br>&nbsp;&nbsp;&nbsp;&nbsp;<hr size='15px' noshade color='green'></br>]]>
    </line>
    <line>
      <![CDATA[<strong> <h3 style="color:DarkViolet"> Testcase Id: TC_Portal_011 </h3> </strong>]]>
    </line>
    <line>
      <![CDATA[<strong> <h3 style="color:DarkViolet"> Testcase Name: To verify Online User won't allow to apply for Basic License when Advanced License Application Already In Progress.</h3> </strong>]]>
    </line>
    <line>
      <![CDATA[<br><strong>Step 1 : Open url:<a>https://owls-portal-qa.genixventures.com/user/login</a></strong></br>]]>
    </line>
    <line>
      <![CDATA[<br><strong>Step 2 Enter Username.</strong></br>]]>
    </line>
    <line>
      <![CDATA[</br>&nbsp;&nbsp;&nbsp;&nbsp; Portal UserName: ankit.patel</br>]]>
    </line>
    <line>
      <![CDATA[<br><strong>Step 3 Enter Password.</strong></br>]]>
    </line>
    <line>
      <![CDATA[</br>&nbsp;&nbsp;&nbsp;&nbsp; Password: patel12!</br>]]>
    </line>
    <line>
      <![CDATA[<br><strong>Step 4 Click on Login icon.</strong></br>]]>
    </line>
    <line>
      <![CDATA[<br><strong>Step 5 Click on Personal Menu.</strong></br>]]>
    </line>
    <line>
      <![CDATA[<br><strong>Step 6 Click on Application Menu.</strong></br>]]>
    </line>
    <line>
      <![CDATA[<br><strong>Step 7 Click on Create Application button.</strong></br>]]>
    </line>
    <line>
      <![CDATA[<br><strong>Step 8 Select Application type from Drop down.</strong></br>]]>
    </line>
    <line>
      <![CDATA[<br><strong>Step 9 Click on Next button</strong></br>]]>
    </line>
    <line>
      <![CDATA[<h3><b style='color:#1466B8'>&nbsp;&nbsp;&nbsp; Verify that validation error message.</h3></b>]]>
    </line>
    <line>
      <![CDATA[</br>&nbsp;&nbsp;&nbsp;&nbsp;Error message
The Advanced Application is already exists. Please select other type.</br>]]>
    </line>
    <line>
      <![CDATA[<strong> <h3 style="color:DarkGreen">  &#10004; <i>  SUCCESSFUL </i></h3> </strong> ]]>
    </line>
    <line>
      <![CDATA[</br>&nbsp;&nbsp;&nbsp;&nbsp;<hr size='15px' noshade color='green'></br>]]>
    </line>
    <line>
      <![CDATA[<strong> <h3 style="color:DarkViolet"> TC_Portal_13: To verify OWLS Internal user reviews the 'Review Application task.</h3> </strong>]]>
    </line>
    <line>
      <![CDATA[<br><strong>Step 1 : Open portal url:<a>https://owls-portal-qa.genixventures.com/user/login</a></strong></br>]]>
    </line>
    <line>
      <![CDATA[<br><strong>Step 2 : Open CRM url:<a>https://owls-crm-qa.genixventures.com/index.php</a></strong></br>]]>
    </line>
    <line>
      <![CDATA[<br><strong>Step 3 Choose 'Standard Authentication' login method from Drop down.</strong></br>]]>
    </line>
    <line>
      <![CDATA[<br><strong>Step 4 Login to CRM as admin</strong></br>]]>
    </line>
    <line>
      <![CDATA[</br>&nbsp;&nbsp;&nbsp;&nbsp;CRM User Name : admin</br>]]>
    </line>
    <line>
      <![CDATA[</br>&nbsp;&nbsp;&nbsp;&nbsp;CRM Password : dragon459</br>]]>
    </line>
    <line>
      <![CDATA[<br><strong>Step 5 Advance search filter feeding with Application Name.</strong></br>]]>
    </line>
    <line>
      <![CDATA[</br>&nbsp;&nbsp;&nbsp;&nbsp; -> Click on Task Menu.</br>]]>
    </line>
    <line>
      <![CDATA[</br>&nbsp;&nbsp;&nbsp;&nbsp; -> Click on Filter Icon.</br>]]>
    </line>
    <line>
      <![CDATA[</br>&nbsp;&nbsp;&nbsp;&nbsp; -> Click on 'Advanced Filter Option' button</br>]]>
    </line>
    <line>
      <![CDATA[</br>&nbsp;&nbsp;&nbsp;&nbsp; -> Click on 'Clear' button to clear existing filtered feeds.</br>]]>
    </line>
    <line>
      <![CDATA[</br>&nbsp;&nbsp;&nbsp;&nbsp; -> Enter 'Related To' option as 'Application'.</br>]]>
    </line>
    <line>
      <![CDATA[</br>&nbsp;&nbsp;&nbsp;&nbsp; -> Enter 'Application Subject' :Wildlife Advanced Licence-Mr. Ankit PATEL</br>]]>
    </line>
    <line>
      <![CDATA[</br>&nbsp;&nbsp;&nbsp;&nbsp; -> Select Status : Created,Started</br>]]>
    </line>
    <line>
      <![CDATA[<h3><b style='color:#1466B8'>&nbsp;&nbsp;&nbsp;Verify that Task status should be 'Review Application' </h3></b>]]>
    </line>
    <line>
      <![CDATA[<strong> <h3 style="color:DarkGreen">  &#10004; <i>  SUCCESSFUL </i></h3> </strong> ]]>
    </line>
    <line>
      <![CDATA[</br>&nbsp;&nbsp;&nbsp;&nbsp;<hr size='15px' noshade color='green'></br>]]>
    </line>
    <line>
      <![CDATA[<strong> <h3 style="color:DarkViolet"> TC_CRM_015: To verify OWLS Internal user to progress the 'Review Application' task to 'Interview/Site Inspection' task.</h3> </strong>]]>
    </line>
    <line>
      <![CDATA[<br><strong>Step 1 : Open CRM url:<a>https://owls-crm-qa.genixventures.com/index.php</a></strong></br>]]>
    </line>
    <line>
      <![CDATA[<br><strong>Step 2 Choose 'Standard Authentication' login method from Drop down.</strong></br>]]>
    </line>
    <line>
      <![CDATA[<br><strong>Step 3 Login to CRM as admin</strong></br>]]>
    </line>
    <line>
      <![CDATA[</br>&nbsp;&nbsp;&nbsp;&nbsp;CRM User Name : admin</br>]]>
    </line>
    <line>
      <![CDATA[</br>&nbsp;&nbsp;&nbsp;&nbsp;CRM Password : dragon459</br>]]>
    </line>
    <line>
      <![CDATA[<br><strong>Step 4 Feed the advance search options and filter current application :Wildlife Advanced Licence-Mr. Ankit PATEL</strong></br>]]>
    </line>
    <line>
      <![CDATA[</br>&nbsp;&nbsp;&nbsp;&nbsp; -> Click on Task Menu.</br>]]>
    </line>
    <line>
      <![CDATA[</br>&nbsp;&nbsp;&nbsp;&nbsp; -> Click on Filter Icon.</br>]]>
    </line>
    <line>
      <![CDATA[</br>&nbsp;&nbsp;&nbsp;&nbsp; -> Click on 'Advanced Filter Option' button</br>]]>
    </line>
    <line>
      <![CDATA[</br>&nbsp;&nbsp;&nbsp;&nbsp; -> Click on 'Clear' button to clear existing filtered feeds.</br>]]>
    </line>
    <line>
      <![CDATA[</br>&nbsp;&nbsp;&nbsp;&nbsp; -> Enter 'Related To' option as 'Application'.</br>]]>
    </line>
    <line>
      <![CDATA[</br>&nbsp;&nbsp;&nbsp;&nbsp; -> Enter 'Application Subject' :Wildlife Advanced Licence-Mr. Ankit PATEL</br>]]>
    </line>
    <line>
      <![CDATA[</br>&nbsp;&nbsp;&nbsp;&nbsp; -> Select Status : Created,Started</br>]]>
    </line>
    <line>
      <![CDATA[<br><strong>Step 5 Click on Action link of Wildlife Advanced Licence-Mr. Ankit PATEL</strong></br>]]>
    </line>
    <line>
      <![CDATA[<br><strong>Step 6 Click on Start link to Start Review Application Task.</strong></br>]]>
    </line>
    <line>
      <![CDATA[<h3><b style='color:#E27A12'>&nbsp;&nbsp;&nbsp;Verify that Validation Error for Review Application task persisted correctly.</h3></b>]]>
    </line>
    <line>
      <![CDATA[<strong> <h3 style="color:DarkGreen">  &#10004; <i>  SUCCESSFUL </i></h3> </strong> ]]>
    </line>
    <line>
      <![CDATA[<br><strong>Step 7 Mousehover on Completion option and choose 'Completed' option to completed Review Application Errors.</strong></br>]]>
    </line>
    <line>
      <![CDATA[<br><strong>Step 8 Click on the Application link to redirect to Application Detail Page.</strong></br>]]>
    </line>
    <line>
      <![CDATA[</br>&nbsp;&nbsp;&nbsp;&nbsp;.//a[contains(text(),'Wildlife Advanced Licence-Mr. Ankit PATEL')]</br>]]>
    </line>
    <line>
      <![CDATA[<br><strong>Step 9 Click on 'Current Task' sub-panel.</strong></br>]]>
    </line>
    <line>
      <![CDATA[<h3><b style='color:#1466B8'>&nbsp;&nbsp;&nbsp; Verify that 'Interview / Site Inspection' task is available in 'Current Task' sub-panel.</h3></b>]]>
    </line>
    <line>
      <![CDATA[<strong> <h3 style="color:DarkGreen">  &#10004; <i>  SUCCESSFUL </i></h3> </strong> ]]>
    </line>
    <line>
      <![CDATA[</br>&nbsp;&nbsp;&nbsp;&nbsp;<hr size='15px' noshade color='green'></br>]]>
    </line>
    <line>
      <![CDATA[<strong> <h3 style="color:DarkViolet"> TC_CRM_016: To verify Interview/Site inspection task to be available under Wildlife licencing queue and inpsecting screen to be available for the role -'Manager wildlife licencing'.</h3> </strong>]]>
    </line>
    <line>
      <![CDATA[<br><strong>Step 1 : Open CRM url:<a>https://owls-crm-qa.genixventures.com/index.php</a></strong></br>]]>
    </line>
    <line>
      <![CDATA[<br><strong>Step 2 Choose 'Standard Authentication' login method from Drop down.</strong></br>]]>
    </line>
    <line>
      <![CDATA[<br><strong>Step 3 Login to CRM as admin</strong></br>]]>
    </line>
    <line>
      <![CDATA[</br>&nbsp;&nbsp;&nbsp;&nbsp;CRM User Name : IOAuto</br>]]>
    </line>
    <line>
      <![CDATA[</br>&nbsp;&nbsp;&nbsp;&nbsp;CRM Password : dragon459</br>]]>
    </line>
    <line>
      <![CDATA[<br><strong>Step 4 Feed the advance search options and filter current application :Wildlife Advanced Licence-Mr. Ankit PATEL</strong></br>]]>
    </line>
    <line>
      <![CDATA[</br>&nbsp;&nbsp;&nbsp;&nbsp; -> Click on Task Menu.</br>]]>
    </line>
    <line>
      <![CDATA[</br>&nbsp;&nbsp;&nbsp;&nbsp; -> Click on Filter Icon.</br>]]>
    </line>
    <line>
      <![CDATA[</br>&nbsp;&nbsp;&nbsp;&nbsp; -> Click on 'Advanced Filter Option' button</br>]]>
    </line>
    <line>
      <![CDATA[</br>&nbsp;&nbsp;&nbsp;&nbsp; -> Click on 'Clear' button to clear existing filtered feeds.</br>]]>
    </line>
    <line>
      <![CDATA[</br>&nbsp;&nbsp;&nbsp;&nbsp; -> Enter 'Related To' option as 'Application'.</br>]]>
    </line>
    <line>
      <![CDATA[</br>&nbsp;&nbsp;&nbsp;&nbsp; -> Enter 'Application Subject' :Wildlife Advanced Licence-Mr. Ankit PATEL</br>]]>
    </line>
    <line>
      <![CDATA[</br>&nbsp;&nbsp;&nbsp;&nbsp; -> Select Status : Created,Started</br>]]>
    </line>
    <line>
      <![CDATA[<h3><b style='color:#1466B8'>&nbsp;&nbsp;&nbsp;Verify that Task status should be 'Interview/Site Inspection' and Queue should be Wildlife Licensing Queue.</h3></b>]]>
    </line>
    <line>
      <![CDATA[<strong> <h3 style="color:DarkGreen">  &#10004; <i>  SUCCESSFUL </i></h3> </strong> ]]>
    </line>
    <line>
      <![CDATA[<br><strong>Step 5 Click on Action link of Wildlife Advanced Licence-Mr. Ankit PATEL</strong></br>]]>
    </line>
    <line>
      <![CDATA[<br><strong>Step 6 Click on Start link to Start 'Interview/Site Inspection' task.</strong></br>]]>
    </line>
    <line>
      <![CDATA[<h3><b style='color:#1466B8'>&nbsp;&nbsp;&nbsp;Verify that the user is redirected to Application Details Page and 'Interview/Site Inspection' panel is expanded to the user.</h3></b>]]>
    </line>
    <line>
      <![CDATA[<strong> <h3 style="color:DarkGreen">  &#10004; <i>  SUCCESSFUL </i></h3> </strong> ]]>
    </line>
    <line>
      <![CDATA[<br><strong>Step 7 Complete 'INSPECTING OFFICER ASSESSMENT' form as below and click on Save button.</strong></br>]]>
    </line>
    <line>
      <![CDATA[</br>&nbsp;&nbsp;&nbsp;&nbsp; -> Assessment Date Entered : 01-12-2017</br>]]>
    </line>
    <line>
      <![CDATA[</br>&nbsp;&nbsp;&nbsp;&nbsp; -> Selected 'How' Assessment Option : Site Visit</br>]]>
    </line>
    <line>
      <![CDATA[</br>&nbsp;&nbsp;&nbsp;&nbsp; -> Entered Present Comment : Present_Comment_IlGNcnxvVh</br>]]>
    </line>
    <line>
      <![CDATA[</br>&nbsp;&nbsp;&nbsp;&nbsp; -> Entered Comment Text: Comment_RAlqFdsZfh</br>]]>
    </line>
    <line>
      <![CDATA[</br>&nbsp;&nbsp;&nbsp;&nbsp; -> Entered Concern Comment: Concerns_Comment_whbVxWCNwZ</br>]]>
    </line>
    <line>
      <![CDATA[</br>&nbsp;&nbsp;&nbsp;&nbsp; -> Selected Delegate option:                                                        OWLS ADMINISTRATOR                                                    </br>]]>
    </line>
    <line>
      <![CDATA[</br>&nbsp;&nbsp;&nbsp;&nbsp; -> Selected Recommendation Option: APPROVE</br>]]>
    </line>
    <line>
      <![CDATA[<br><strong>Step 8 Click on 'Current Task' sub-panel.</strong></br>]]>
    </line>
    <line>
      <![CDATA[<h3><b style='color:#1466B8'>&nbsp;&nbsp;&nbsp; Verify that 'Approval By Delegate' task is available in 'Current Task' sub-panel.</h3></b>]]>
    </line>
    <line>
      <![CDATA[<strong> <h3 style="color:DarkGreen">  &#10004; <i>  SUCCESSFUL </i></h3> </strong> ]]>
    </line>
    <line>
      <![CDATA[</br>&nbsp;&nbsp;&nbsp;&nbsp;<hr size='15px' noshade color='green'></br>]]>
    </line>
    <line>
      <![CDATA[<strong> <h3 style="color:DarkViolet"> TC_CRM_017: To verify Delegate Officer take the 'Approval By Delegate' task to 'Await payment confirmation' task.</h3> </strong>]]>
    </line>
    <line>
      <![CDATA[<br><strong>Step 1 : Open CRM url:<a>https://owls-crm-qa.genixventures.com/index.php</a></strong></br>]]>
    </line>
    <line>
      <![CDATA[<br><strong>Step 2 Choose 'Standard Authentication' login method from Drop down.</strong></br>]]>
    </line>
    <line>
      <![CDATA[<br><strong>Step 3 Login to CRM as admin</strong></br>]]>
    </line>
    <line>
      <![CDATA[</br>&nbsp;&nbsp;&nbsp;&nbsp;CRM User Name : admin</br>]]>
    </line>
    <line>
      <![CDATA[</br>&nbsp;&nbsp;&nbsp;&nbsp;CRM Password : dragon459</br>]]>
    </line>
    <line>
      <![CDATA[<br><strong>Step 4  Advance search filter feeding with Application Name(Wildlife Advanced Licence-Mr. Ankit PATEL) and short Task in desanding order according to date created.</strong></br>]]>
    </line>
    <line>
      <![CDATA[</br>&nbsp;&nbsp;&nbsp;&nbsp; -> Click on Task Menu.</br>]]>
    </line>
    <line>
      <![CDATA[</br>&nbsp;&nbsp;&nbsp;&nbsp; -> Click on Filter Icon.</br>]]>
    </line>
    <line>
      <![CDATA[</br>&nbsp;&nbsp;&nbsp;&nbsp; -> Click on 'Advanced Filter Option' button</br>]]>
    </line>
    <line>
      <![CDATA[</br>&nbsp;&nbsp;&nbsp;&nbsp; -> Click on 'Clear' button to clear existing filtered feeds.</br>]]>
    </line>
    <line>
      <![CDATA[</br>&nbsp;&nbsp;&nbsp;&nbsp; -> Enter 'Related To' option as 'Application'.</br>]]>
    </line>
    <line>
      <![CDATA[</br>&nbsp;&nbsp;&nbsp;&nbsp; -> Enter 'Application Subject' :Wildlife Advanced Licence-Mr. Ankit PATEL</br>]]>
    </line>
    <line>
      <![CDATA[</br>&nbsp;&nbsp;&nbsp;&nbsp; -> Select Status : Created,Started</br>]]>
    </line>
    <line>
      <![CDATA[<h3><b style='color:#1466B8'>&nbsp;&nbsp;&nbsp;Verify that Task status of application 'Wildlife Advanced Licence-Mr. Ankit PATEL' should be 'Approval By Delegate' </h3></b>]]>
    </line>
    <line>
      <![CDATA[<strong> <h3 style="color:DarkGreen">  &#10004; <i>  SUCCESSFUL </i></h3> </strong> ]]>
    </line>
    <line>
      <![CDATA[<br><strong>Step 5 Click on Action link of Wildlife Advanced Licence-Mr. Ankit PATEL</strong></br>]]>
    </line>
    <line>
      <![CDATA[<br><strong>Step 6 Click on Start link to Start 'Approval By Delegate' task.</strong></br>]]>
    </line>
    <line>
      <![CDATA[<h3><b style='color:#1466B8'>&nbsp;&nbsp;&nbsp;Verify that the user is redirected to Application Details Page and 'Delegate Decision' panel is expanded to the user.</h3></b>]]>
    </line>
    <line>
      <![CDATA[<strong> <h3 style="color:DarkGreen">  &#10004; <i>  SUCCESSFUL </i></h3> </strong> ]]>
    </line>
    <line>
      <![CDATA[<h3><b style='color:#1466B8'>&nbsp;&nbsp;&nbsp;Verify that Comments provided by Inspecting officer is correctly displayed to the Delegate Officer.</h3></b>]]>
    </line>
    <line>
      <![CDATA[<strong> <h3 style="color:DarkGreen">  &#10004; <i>  SUCCESSFUL </i></h3> </strong> ]]>
    </line>
    <line>
      <![CDATA[<br><strong>Step 7 Choose 'Approve' from Delegate 'Delegate Determination'.</strong></br>]]>
    </line>
    <line>
      <![CDATA[<br><strong>Step 8 Click on 'Verify' button to validate Delegate Signed .</strong></br>]]>
    </line>
    <line>
      <![CDATA[<h3><b style='color:#1466B8'>&nbsp;&nbsp;&nbsp;Verify that Delegate Signature validated and 'Record Decision' button enable to Click.</h3></b>]]>
    </line>
    <line>
      <![CDATA[<strong> <h3 style="color:DarkGreen">  &#10004; <i>  SUCCESSFUL </i></h3> </strong> ]]>
    </line>
    <line>
      <![CDATA[<br><strong>Step 9 Click on 'Deleate Decision' button to complete Delegate Task .</strong></br>]]>
    </line>
    <line>
      <![CDATA[<br><strong>Step 10 Click on 'Current Task' sub-panel.</strong></br>]]>
    </line>
    <line>
      <![CDATA[<h3><b style='color:#1466B8'>&nbsp;&nbsp;&nbsp;Verify that Approval By Delagate Task Completed successfully and 'Await payment confirmation' task is available in Current Task Panel.</h3></b>]]>
    </line>
    <line>
      <![CDATA[<strong> <h3 style="color:DarkGreen">  &#10004; <i>  SUCCESSFUL </i></h3> </strong> ]]>
    </line>
    <line>
      <![CDATA[</br>&nbsp;&nbsp;&nbsp;&nbsp;<hr size='15px' noshade color='green'></br>]]>
    </line>
    <line>
      <![CDATA[<strong> <h3 style="color:DarkViolet"> </h3> </strong>]]>
    </line>
    <line>
      <![CDATA[<br><strong>Step 1 : Open url:<a>https://owls-portal-qa.genixventures.com/user/login</a></strong></br>]]>
    </line>
    <line>
      <![CDATA[<br><strong>Step 2 Enter Username.</strong></br>]]>
    </line>
    <line>
      <![CDATA[</br>&nbsp;&nbsp;&nbsp;&nbsp; Portal UserName: ankit.patel</br>]]>
    </line>
    <line>
      <![CDATA[<br><strong>Step 3 Enter Password.</strong></br>]]>
    </line>
    <line>
      <![CDATA[</br>&nbsp;&nbsp;&nbsp;&nbsp; Password: patel12!</br>]]>
    </line>
    <line>
      <![CDATA[<br><strong>Step 4 Click on Login icon.</strong></br>]]>
    </line>
    <line>
      <![CDATA[<br><strong>Step 5 Click on Personal Menu.</strong></br>]]>
    </line>
    <line>
      <![CDATA[<br><strong>Step 6 Click on Application Menu.</strong></br>]]>
    </line>
    <line>
      <![CDATA[<h3><b style='color:#1466B8'>&nbsp;&nbsp;&nbsp;Verify that 'Payment Notice' and 'Pay Fee' Links are available for Payment Pending Application.</h3></b>]]>
    </line>
    <line>
      <![CDATA[<strong> <h3 style="color:DarkGreen">  &#10004; <i>  SUCCESSFUL </i></h3> </strong> ]]>
    </line>
    <line>
      <![CDATA[</br>&nbsp;&nbsp;&nbsp;&nbsp;<hr size='15px' noshade color='green'></br>]]>
    </line>
    <line>
      <![CDATA[<strong> <h3 style="color:DarkViolet"> TC_CRM_018: To verify OWLS internal user to complete 'Awaiting Payment Confirmation' task and to verify the Permit document is available for the online portal user to download.</h3> </strong>]]>
    </line>
    <line>
      <![CDATA[<br><strong>Step 1 : Open portal url:<a>https://owls-portal-qa.genixventures.com/user/login</a></strong></br>]]>
    </line>
    <line>
      <![CDATA[<br><strong>Step 2 Enter Username.</strong></br>]]>
    </line>
    <line>
      <![CDATA[</br>&nbsp;&nbsp;&nbsp;&nbsp; Portal UserName: ankit.patel</br>]]>
    </line>
    <line>
      <![CDATA[<br><strong>Step 3 Enter Password.</strong></br>]]>
    </line>
    <line>
      <![CDATA[</br>&nbsp;&nbsp;&nbsp;&nbsp; Password: patel12!</br>]]>
    </line>
    <line>
      <![CDATA[<br><strong>Step 4 Click on Login icon.</strong></br>]]>
    </line>
    <line>
      <![CDATA[<br><strong>Step 5 Click on Personal Menu.</strong></br>]]>
    </line>
    <line>
      <![CDATA[<br><strong>Step 6 Click on Permit Menu.</strong></br>]]>
    </line>
    <line>
      <![CDATA[<br><strong>Step 7 Get current number of Permit records.</strong></br>]]>
    </line>
    <line>
      <![CDATA[<br><strong>Step 8 : Open CRM url:<a>https://owls-crm-qa.genixventures.com/index.php</a></strong></br>]]>
    </line>
    <line>
      <![CDATA[<br><strong>Step 9 Choose 'Standard Authentication' login method from Drop down.</strong></br>]]>
    </line>
    <line>
      <![CDATA[<br><strong>Step 10 Login to CRM as admin</strong></br>]]>
    </line>
    <line>
      <![CDATA[</br>&nbsp;&nbsp;&nbsp;&nbsp;CRM User Name : admin</br>]]>
    </line>
    <line>
      <![CDATA[</br>&nbsp;&nbsp;&nbsp;&nbsp;CRM Password : dragon459</br>]]>
    </line>
    <line>
      <![CDATA[<br><strong>Step 11Advance search filter feeding with Application Name(Wildlife Advanced Licence-Mr. Ankit PATEL) and short Task in desanding order according to date created.</strong></br>]]>
    </line>
    <line>
      <![CDATA[</br>&nbsp;&nbsp;&nbsp;&nbsp; -> Click on Task Menu.</br>]]>
    </line>
    <line>
      <![CDATA[</br>&nbsp;&nbsp;&nbsp;&nbsp; -> Click on Filter Icon.</br>]]>
    </line>
    <line>
      <![CDATA[</br>&nbsp;&nbsp;&nbsp;&nbsp; -> Click on 'Advanced Filter Option' button</br>]]>
    </line>
    <line>
      <![CDATA[</br>&nbsp;&nbsp;&nbsp;&nbsp; -> Click on 'Clear' button to clear existing filtered feeds.</br>]]>
    </line>
    <line>
      <![CDATA[</br>&nbsp;&nbsp;&nbsp;&nbsp; -> Enter 'Related To' option as 'Application'.</br>]]>
    </line>
    <line>
      <![CDATA[</br>&nbsp;&nbsp;&nbsp;&nbsp; -> Enter 'Application Subject' :Wildlife Advanced Licence-Mr. Ankit PATEL</br>]]>
    </line>
    <line>
      <![CDATA[</br>&nbsp;&nbsp;&nbsp;&nbsp; -> Select Status : Created,Started</br>]]>
    </line>
    <line>
      <![CDATA[<h3><b style='color:#1466B8'>&nbsp;&nbsp;&nbsp;Verify that Task status of application 'Wildlife Advanced Licence-Mr. Ankit PATEL' should be 'Await payment confirmation' </h3></b>]]>
    </line>
    <line>
      <![CDATA[<strong> <h3 style="color:DarkGreen">  &#10004; <i>  SUCCESSFUL </i></h3> </strong> ]]>
    </line>
    <line>
      <![CDATA[<br><strong>Step 12 Click on Action link of Wildlife Advanced Licence-Mr. Ankit PATEL</strong></br>]]>
    </line>
    <line>
      <![CDATA[<br><strong>Step 13 Click on Start link to Start 'Approval By Delegate' task.</strong></br>]]>
    </line>
    <line>
      <![CDATA[<br><strong>Step 14 Click on Business Process icon available on the top right corner.</strong></br>]]>
    </line>
    <line>
      <![CDATA[<br><strong>Step 15 Choose 'Approved' Option to complete 'Await payment confirmation' task.</strong></br>]]>
    </line>
    <line>
      <![CDATA[<h3><b style='color:#1466B8'>&nbsp;&nbsp;&nbsp;Verify that the number of permit records are increased to 1.</h3></b>]]>
    </line>
    <line>
      <![CDATA[<strong> <h3 style="color:DarkGreen">  &#10004; <i>  SUCCESSFUL </i></h3> </strong> ]]>
    </line>
    <line>
      <![CDATA[</br>&nbsp;&nbsp;&nbsp;&nbsp;<hr size='15px' noshade color='green'></br>]]>
    </line>
    <line>
      <![CDATA[<br><strong> Open CRM Application </strong></br>]]>
    </line>
    <line>
      <![CDATA[<br><strong>Choose 'Standard Authentication' login method from Drop down.</strong></br>]]>
    </line>
    <line>
      <![CDATA[<br><strong> Login to CRM as admin</strong></br>]]>
    </line>
    <line>
      <![CDATA[</br>&nbsp;&nbsp;&nbsp;&nbsp;CRM User Name : admin</br>]]>
    </line>
    <line>
      <![CDATA[</br>&nbsp;&nbsp;&nbsp;&nbsp;CRM Password : dragon459</br>]]>
    </line>
    <line>
      <![CDATA[<br><strong> Click on Owls Administrator </strong></br>]]>
    </line>
    <line>
      <![CDATA[<br><strong> Select Admin option .</strong></br>]]>
    </line>
    <line>
      <![CDATA[<br><strong> Click on Test Data CleanUP Option</strong></br>]]>
    </line>
    <line>
      <![CDATA[<br><strong> Select current user </strong></br>]]>
    </line>
    <line>
      <![CDATA[<br><strong> Click on Run Cleanup </strong></br>]]>
    </line>
    <line>
      <![CDATA[<strong> <h3 style="color:DarkViolet"> TC_Portal_001: To verify Online user submits a basic application with conditions to trigger the 'Review Application'  task.</h3> </strong>]]>
    </line>
    <line>
      <![CDATA[<br><strong>Step 1 Open url:<a>https://owls-portal-qa.genixventures.com/user/login</a></strong></br>]]>
    </line>
    <line>
      <![CDATA[<br><strong>Step 2 Enter Username.</strong></br>]]>
    </line>
    <line>
      <![CDATA[</br>&nbsp;&nbsp;&nbsp;&nbsp; Portal UserName: ankit.patel</br>]]>
    </line>
    <line>
      <![CDATA[<br><strong>Step 3 Enter Password.</strong></br>]]>
    </line>
    <line>
      <![CDATA[</br>&nbsp;&nbsp;&nbsp;&nbsp; Password: patel12!</br>]]>
    </line>
    <line>
      <![CDATA[<br><strong>Step 4 Click on Login icon.</strong></br>]]>
    </line>
    <line>
      <![CDATA[<br><strong>Step 5 Click on Personal Menu.</strong></br>]]>
    </line>
    <line>
      <![CDATA[<br><strong>Step 6 Click on Details Menu.</strong></br>]]>
    </line>
    <line>
      <![CDATA[<br><strong>Step 7 Click on Contact Details Option.</strong></br>]]>
    </line>
    <line>
      <![CDATA[<br><strong>Step 8 Click on Application Menu.</strong></br>]]>
    </line>
    <line>
      <![CDATA[<br><strong>Step 9 Click on Create Application button.</strong></br>]]>
    </line>
    <line>
      <![CDATA[<br><strong>Step 10 Select Application type from Drop down.</strong></br>]]>
    </line>
    <line>
      <![CDATA[<br><strong>Step 11 Click on Next button</strong></br>]]>
    </line>
    <line>
      <![CDATA[<h3><b style='color:#E27A12'>&nbsp;&nbsp;&nbsp;Verify Operating Address retrived correctly from User's Contact Details->Primary Address.</h3></b>]]>
    </line>
    <line>
      <![CDATA[<strong> <h3 style="color:DarkGreen">  &#10004; <i>  SUCCESSFUL </i></h3> </strong> ]]>
    </line>
    <line>
      <![CDATA[<br><strong>Step 12 Select 'Same as above' checkbox'.</strong></br>]]>
    </line>
    <line>
      <![CDATA[<h3><b style='color:#E27A12'>&nbsp;&nbsp;&nbsp;Verify Postal Address pasted correctly as same as Specified Premises.</h3></b>]]>
    </line>
    <line>
      <![CDATA[<strong> <h3 style="color:DarkGreen">  &#10004; <i>  SUCCESSFUL </i></h3> </strong> ]]>
    </line>
    <line>
      <![CDATA[<br><strong>13 Select 'I have prior convictions' radio button and enter offence details as below.</strong></br>]]>
    </line>
    <line>
      <![CDATA[</br>&nbsp;&nbsp;&nbsp;&nbsp;Offence: KwDGliQwrH</br>]]>
    </line>
    <line>
      <![CDATA[</br>&nbsp;&nbsp;&nbsp;&nbsp;Offence Year: 2000</br>]]>
    </line>
    <line>
      <![CDATA[</br>&nbsp;&nbsp;&nbsp;&nbsp;Offence State: VIC</br>]]>
    </line>
    <line>
      <![CDATA[<h3><b style='color:#E27A12'>&nbsp;&nbsp;&nbsp;Verify that Conviction data should be displayed below conviction form.</h3></b>]]>
    </line>
    <line>
      <![CDATA[<strong> <h3 style="color:DarkGreen">  &#10004; <i>  SUCCESSFUL </i></h3> </strong> ]]>
    </line>
    <line>
      <![CDATA[<br><strong>Step 14 Choose Prefered Licence Expiry.</strong></br>]]>
    </line>
    <line>
      <![CDATA[<br><strong>Step 15 Select 'Do you have any wildlife in your possession at the time of this application?' to YES.</strong></br>]]>
    </line>
    <line>
      <![CDATA[<br><strong>Step 16 Enter 'Licence Number'.</strong></br>]]>
    </line>
    <line>
      <![CDATA[<br><strong>Step 17 Select 'Species'.</strong></br>]]>
    </line>
    <line>
      <![CDATA[<br><strong>Step 18 Enter number of species.</strong></br>]]>
    </line>
    <line>
      <![CDATA[<br><strong>Step 19Select Species description (Alive/Dead)</strong></br>]]>
    </line>
    <line>
      <![CDATA[<br><strong>Step 20 Click on 'Add Species' button</strong></br>]]>
    </line>
    <line>
      <![CDATA[<h3><b style='color:#E27A12'>&nbsp;&nbsp;&nbsp;Verify that if User has selected any wildlife possession at the time of application persisted in the Species Table</h3></b>]]>
    </line>
    <line>
      <![CDATA[<strong> <h3 style="color:DarkGreen">  &#10004; <i>  SUCCESSFUL </i></h3> </strong> ]]>
    </line>
    <line>
      <![CDATA[<br><strong>Step 21 Choose I Agree from Declaration By Applicant Options.</strong></br>]]>
    </line>
    <line>
      <![CDATA[<br><strong>Step 22 Click on submit.</strong></br>]]>
    </line>
    <line>
      <![CDATA[<br><strong>Step 23 Navigate to My Application page.</strong></br>]]>
    </line>
    <line>
      <![CDATA[<h3><b style='color:#1466B8'>&nbsp;&nbsp;&nbsp;Verify that created application is displayed on Apllication list of 'My Application' page.</h3></b>]]>
    </line>
    <line>
      <![CDATA[<strong> <h3 style="color:DarkGreen">  &#10004; <i>  SUCCESSFUL </i></h3> </strong> ]]>
    </line>
    <line>
      <![CDATA[</br>&nbsp;&nbsp;&nbsp;&nbsp;<hr size='15px' noshade color='green'></br>]]>
    </line>
    <line>
      <![CDATA[<strong> <h3 style="color:DarkViolet"> Testcase Id: TC_Portal_010 </h3> </strong>]]>
    </line>
    <line>
      <![CDATA[<strong> <h3 style="color:DarkViolet"> Testcase Name: To verify Online user submits a basic application with conditions to trigger the 'Review Application'  task.</h3> </strong>]]>
    </line>
    <line>
      <![CDATA[<br><strong>Step 1 : Open url:<a>https://owls-portal-qa.genixventures.com/user/login</a></strong></br>]]>
    </line>
    <line>
      <![CDATA[<br><strong>Step 2 Enter Username.</strong></br>]]>
    </line>
    <line>
      <![CDATA[</br>&nbsp;&nbsp;&nbsp;&nbsp; Portal UserName: ankit.patel</br>]]>
    </line>
    <line>
      <![CDATA[<br><strong>Step 3 Enter Password.</strong></br>]]>
    </line>
    <line>
      <![CDATA[</br>&nbsp;&nbsp;&nbsp;&nbsp; Password: patel12!</br>]]>
    </line>
    <line>
      <![CDATA[<br><strong>Step 4 Click on Login icon.</strong></br>]]>
    </line>
    <line>
      <![CDATA[<br><strong>Step 5 Click on Personal Menu.</strong></br>]]>
    </line>
    <line>
      <![CDATA[<br><strong>Step 6 Click on Application Menu.</strong></br>]]>
    </line>
    <line>
      <![CDATA[<br><strong>Step 7 Click on Create Application button.</strong></br>]]>
    </line>
    <line>
      <![CDATA[<br><strong>Step 8 Select Application type from Drop down.</strong></br>]]>
    </line>
    <line>
      <![CDATA[<br><strong>Step 9 Click on Next button</strong></br>]]>
    </line>
    <line>
      <![CDATA[<h3><b style='color:#1466B8'>&nbsp;&nbsp;&nbsp; Verify that 'Warning' pop-up is displayed.</h3></b>]]>
    </line>
    <line>
      <![CDATA[<strong> <h3 style="color:DarkGreen">  &#10004; <i>  SUCCESSFUL </i></h3> </strong> ]]>
    </line>
    <line>
      <![CDATA[<h3><b style='color:#1466B8'>&nbsp;&nbsp;&nbsp; Verify Warning Message content .. !</h3></b>]]>
    </line>
    <line>
      <![CDATA[</br>&nbsp;&nbsp;&nbsp;&nbsp; Warning Message : You can not apply the Advanced Application because the Basic Application is already exists.
Do you want to cancel the Basic Application to continue?.</br>]]>
    </line>
    <line>
      <![CDATA[<strong> <h3 style="color:DarkGreen">  &#10004; <i>  SUCCESSFUL </i></h3> </strong> ]]>
    </line>
    <line>
      <![CDATA[<h3><b style='color:#1466B8'>&nbsp;&nbsp;&nbsp; Verify 'OK' and 'Cancel' buttons available in Warning pop-up!</h3></b>]]>
    </line>
    <line>
      <![CDATA[<strong> <h3 style="color:DarkGreen">  &#10004; <i>  SUCCESSFUL </i></h3> </strong> ]]>
    </line>
    <line>
      <![CDATA[</br>&nbsp;&nbsp;&nbsp;&nbsp;<hr size='15px' noshade color='green'></br>]]>
    </line>
    <line>
      <![CDATA[<strong> <h3 style="color:DarkViolet"> TC_CRM_001: To verify OWLS Internal user reviews the 'Review Application task.</h3> </strong>]]>
    </line>
    <line>
      <![CDATA[<br><strong>Step 1 : Open portal url:<a>https://owls-portal-qa.genixventures.com/user/login</a></strong></br>]]>
    </line>
    <line>
      <![CDATA[<br><strong>Step 2 : Open CRM url:<a>https://owls-crm-qa.genixventures.com/index.php</a></strong></br>]]>
    </line>
    <line>
      <![CDATA[<br><strong>Step 3 Choose 'Standard Authentication' login method from Drop down.</strong></br>]]>
    </line>
    <line>
      <![CDATA[<br><strong>Step 4 Login to CRM as admin</strong></br>]]>
    </line>
    <line>
      <![CDATA[</br>&nbsp;&nbsp;&nbsp;&nbsp;CRM User Name : admin</br>]]>
    </line>
    <line>
      <![CDATA[</br>&nbsp;&nbsp;&nbsp;&nbsp;CRM Password : dragon459</br>]]>
    </line>
    <line>
      <![CDATA[<br><strong>Step 5 Advance search filter feeding with Application Name.</strong></br>]]>
    </line>
    <line>
      <![CDATA[</br>&nbsp;&nbsp;&nbsp;&nbsp; -> Click on Task Menu.</br>]]>
    </line>
    <line>
      <![CDATA[</br>&nbsp;&nbsp;&nbsp;&nbsp; -> Click on Filter Icon.</br>]]>
    </line>
    <line>
      <![CDATA[</br>&nbsp;&nbsp;&nbsp;&nbsp; -> Click on 'Advanced Filter Option' button</br>]]>
    </line>
    <line>
      <![CDATA[</br>&nbsp;&nbsp;&nbsp;&nbsp; -> Click on 'Clear' button to clear existing filtered feeds.</br>]]>
    </line>
    <line>
      <![CDATA[</br>&nbsp;&nbsp;&nbsp;&nbsp; -> Enter 'Related To' option as 'Application'.</br>]]>
    </line>
    <line>
      <![CDATA[</br>&nbsp;&nbsp;&nbsp;&nbsp; -> Enter 'Application Subject' :Wildlife Basic Licence-Mr. Ankit PATEL</br>]]>
    </line>
    <line>
      <![CDATA[</br>&nbsp;&nbsp;&nbsp;&nbsp; -> Select Status : Created,Started</br>]]>
    </line>
    <line>
      <![CDATA[<h3><b style='color:#1466B8'>&nbsp;&nbsp;&nbsp;Verify that Task status should be 'Review Application' </h3></b>]]>
    </line>
    <line>
      <![CDATA[<strong> <h3 style="color:DarkGreen">  &#10004; <i>  SUCCESSFUL </i></h3> </strong> ]]>
    </line>
    <line>
      <![CDATA[</br>&nbsp;&nbsp;&nbsp;&nbsp;<hr size='15px' noshade color='green'></br>]]>
    </line>
    <line>
      <![CDATA[<strong> <h3 style="color:DarkViolet"> TC_CRM_002: To verify OWLS Internal user to progress the 'Review Application' task to 'Interview/Site Inspection' task.</h3> </strong>]]>
    </line>
    <line>
      <![CDATA[<br><strong>Step 1 : Open CRM url:<a>https://owls-crm-qa.genixventures.com/index.php</a></strong></br>]]>
    </line>
    <line>
      <![CDATA[<br><strong>Step 2 Choose 'Standard Authentication' login method from Drop down.</strong></br>]]>
    </line>
    <line>
      <![CDATA[<br><strong>Step 3 Login to CRM as admin</strong></br>]]>
    </line>
    <line>
      <![CDATA[</br>&nbsp;&nbsp;&nbsp;&nbsp;CRM User Name : admin</br>]]>
    </line>
    <line>
      <![CDATA[</br>&nbsp;&nbsp;&nbsp;&nbsp;CRM Password : dragon459</br>]]>
    </line>
    <line>
      <![CDATA[<br><strong>Step 4 Feed the advance search options and filter current application :Wildlife Basic Licence-Mr. Ankit PATEL</strong></br>]]>
    </line>
    <line>
      <![CDATA[</br>&nbsp;&nbsp;&nbsp;&nbsp; -> Click on Task Menu.</br>]]>
    </line>
    <line>
      <![CDATA[</br>&nbsp;&nbsp;&nbsp;&nbsp; -> Click on Filter Icon.</br>]]>
    </line>
    <line>
      <![CDATA[</br>&nbsp;&nbsp;&nbsp;&nbsp; -> Click on 'Advanced Filter Option' button</br>]]>
    </line>
    <line>
      <![CDATA[</br>&nbsp;&nbsp;&nbsp;&nbsp; -> Click on 'Clear' button to clear existing filtered feeds.</br>]]>
    </line>
    <line>
      <![CDATA[</br>&nbsp;&nbsp;&nbsp;&nbsp; -> Enter 'Related To' option as 'Application'.</br>]]>
    </line>
    <line>
      <![CDATA[</br>&nbsp;&nbsp;&nbsp;&nbsp; -> Enter 'Application Subject' :Wildlife Basic Licence-Mr. Ankit PATEL</br>]]>
    </line>
    <line>
      <![CDATA[</br>&nbsp;&nbsp;&nbsp;&nbsp; -> Select Status : Created,Started</br>]]>
    </line>
    <line>
      <![CDATA[<br><strong>Step 5 Click on Action link of Wildlife Basic Licence-Mr. Ankit PATEL</strong></br>]]>
    </line>
    <line>
      <![CDATA[<br><strong>Step 6 Click on Start link to Start Review Application Task.</strong></br>]]>
    </line>
    <line>
      <![CDATA[<h3><b style='color:#E27A12'>&nbsp;&nbsp;&nbsp;Verify that Validation Error for Review Application task persisted correctly.</h3></b>]]>
    </line>
    <line>
      <![CDATA[<strong> <h3 style="color:DarkGreen">  &#10004; <i>  SUCCESSFUL </i></h3> </strong> ]]>
    </line>
    <line>
      <![CDATA[<br><strong>Step 7 Mousehover on Completion option and choose 'Completed' option to completed Review Application Errors.</strong></br>]]>
    </line>
    <line>
      <![CDATA[<br><strong>Step 8 Click on the Application link to redirect to Application Detail Page.</strong></br>]]>
    </line>
    <line>
      <![CDATA[</br>&nbsp;&nbsp;&nbsp;&nbsp;.//a[contains(text(),'Wildlife Basic Licence-Mr. Ankit PATEL')]</br>]]>
    </line>
    <line>
      <![CDATA[<br><strong>Step 9 Click on 'Current Task' sub-panel.</strong></br>]]>
    </line>
    <line>
      <![CDATA[<h3><b style='color:#1466B8'>&nbsp;&nbsp;&nbsp; Verify that 'Interview / Site Inspection' task is available in 'Current Task' sub-panel.</h3></b>]]>
    </line>
    <line>
      <![CDATA[<strong> <h3 style="color:DarkGreen">  &#10004; <i>  SUCCESSFUL </i></h3> </strong> ]]>
    </line>
    <line>
      <![CDATA[</br>&nbsp;&nbsp;&nbsp;&nbsp;<hr size='15px' noshade color='green'></br>]]>
    </line>
    <line>
      <![CDATA[<strong> <h3 style="color:DarkViolet"> TC_CRM_003: To verify Interview/Site inspection task to be available under Wildlife licencing queue and inpsecting screen to be available for the role -'Manager wildlife licencing'.</h3> </strong>]]>
    </line>
    <line>
      <![CDATA[<br><strong>Step 1 : Open CRM url:<a>https://owls-crm-qa.genixventures.com/index.php</a></strong></br>]]>
    </line>
    <line>
      <![CDATA[<br><strong>Step 2 Choose 'Standard Authentication' login method from Drop down.</strong></br>]]>
    </line>
    <line>
      <![CDATA[<br><strong>Step 3 Login to CRM as admin</strong></br>]]>
    </line>
    <line>
      <![CDATA[</br>&nbsp;&nbsp;&nbsp;&nbsp;CRM User Name : IOAuto</br>]]>
    </line>
    <line>
      <![CDATA[</br>&nbsp;&nbsp;&nbsp;&nbsp;CRM Password : dragon459</br>]]>
    </line>
    <line>
      <![CDATA[<br><strong>Step 4 Feed the advance search options and filter current application :Wildlife Basic Licence-Mr. Ankit PATEL</strong></br>]]>
    </line>
    <line>
      <![CDATA[</br>&nbsp;&nbsp;&nbsp;&nbsp; -> Click on Task Menu.</br>]]>
    </line>
    <line>
      <![CDATA[</br>&nbsp;&nbsp;&nbsp;&nbsp; -> Click on Filter Icon.</br>]]>
    </line>
    <line>
      <![CDATA[</br>&nbsp;&nbsp;&nbsp;&nbsp; -> Click on 'Advanced Filter Option' button</br>]]>
    </line>
    <line>
      <![CDATA[</br>&nbsp;&nbsp;&nbsp;&nbsp; -> Click on 'Clear' button to clear existing filtered feeds.</br>]]>
    </line>
    <line>
      <![CDATA[</br>&nbsp;&nbsp;&nbsp;&nbsp; -> Enter 'Related To' option as 'Application'.</br>]]>
    </line>
    <line>
      <![CDATA[</br>&nbsp;&nbsp;&nbsp;&nbsp; -> Enter 'Application Subject' :Wildlife Basic Licence-Mr. Ankit PATEL</br>]]>
    </line>
    <line>
      <![CDATA[</br>&nbsp;&nbsp;&nbsp;&nbsp; -> Select Status : Created,Started</br>]]>
    </line>
    <line>
      <![CDATA[<h3><b style='color:#1466B8'>&nbsp;&nbsp;&nbsp;Verify that Task status should be 'Interview/Site Inspection' </h3></b>]]>
    </line>
    <line>
      <![CDATA[<strong> <h3 style="color:DarkGreen">  &#10004; <i>  SUCCESSFUL </i></h3> </strong> ]]>
    </line>
    <line>
      <![CDATA[<br><strong>Step 5 Click on Action link of Wildlife Basic Licence-Mr. Ankit PATEL</strong></br>]]>
    </line>
    <line>
      <![CDATA[<br><strong>Step 6 Click on Start link to Start 'Interview/Site Inspection' task.</strong></br>]]>
    </line>
    <line>
      <![CDATA[<h3><b style='color:#1466B8'>&nbsp;&nbsp;&nbsp;Verify that the user is redirected to Application Details Page and 'Interview/Site Inspection' panel is expanded to the user.</h3></b>]]>
    </line>
    <line>
      <![CDATA[<strong> <h3 style="color:DarkGreen">  &#10004; <i>  SUCCESSFUL </i></h3> </strong> ]]>
    </line>
    <line>
      <![CDATA[<br><strong>Step 7 Complete 'INSPECTING OFFICER ASSESSMENT' form as below and click on Save button.</strong></br>]]>
    </line>
    <line>
      <![CDATA[</br>&nbsp;&nbsp;&nbsp;&nbsp; -> Assessment Date Entered : 01-12-2017</br>]]>
    </line>
    <line>
      <![CDATA[</br>&nbsp;&nbsp;&nbsp;&nbsp; -> Selected 'How' Assessment Option : Site Visit</br>]]>
    </line>
    <line>
      <![CDATA[</br>&nbsp;&nbsp;&nbsp;&nbsp; -> Entered Present Comment : Present_Comment_iuwcgSIMnQ</br>]]>
    </line>
    <line>
      <![CDATA[</br>&nbsp;&nbsp;&nbsp;&nbsp; -> Entered Comment Text: Comment_AkKdyuAaey</br>]]>
    </line>
    <line>
      <![CDATA[</br>&nbsp;&nbsp;&nbsp;&nbsp; -> Entered Concern Comment: Concerns_Comment_RTjyzbnsFg</br>]]>
    </line>
    <line>
      <![CDATA[</br>&nbsp;&nbsp;&nbsp;&nbsp; -> Selected Delegate option:                                                        OWLS ADMINISTRATOR                                                    </br>]]>
    </line>
    <line>
      <![CDATA[</br>&nbsp;&nbsp;&nbsp;&nbsp; -> Selected Recommendation Option: APPROVE</br>]]>
    </line>
    <line>
      <![CDATA[<h3><b style='color:#E27A12'>&nbsp;&nbsp;&nbsp;Verify that Inspections record added successfully in 'Inspections' tab.</h3></b>]]>
    </line>
    <line>
      <![CDATA[</br>&nbsp;&nbsp;&nbsp;&nbsp; Click on 'Inspection Tab'.</br>]]>
    </line>
    <line>
      <![CDATA[</br>&nbsp;&nbsp;&nbsp;&nbsp; Record Added on Date : 01-Dec-2017</br>]]>
    </line>
    <line>
      <![CDATA[</br>&nbsp;&nbsp;&nbsp;&nbsp; Inspection Method : Site Inspection</br>]]>
    </line>
    <line>
      <![CDATA[<strong> <h3 style="color:DarkGreen">  &#10004; <i>  SUCCESSFUL </i></h3> </strong> ]]>
    </line>
    <line>
      <![CDATA[<br><strong>Step 8 Click 'Application Details' tabs.</strong></br>]]>
    </line>
    <line>
      <![CDATA[<br><strong>Step 9 Click 'Go to Condition' link to add any additional conditions.</strong></br>]]>
    </line>
    <line>
      <![CDATA[<br><strong>Step 10 Select Free-text option to add any Free Text Condition.</strong></br>]]>
    </line>
    <line>
      <![CDATA[<br><strong>Step 11 Enter some additional free-text conditions.</strong></br>]]>
    </line>
    <line>
      <![CDATA[<br><strong>Step 12 Click on 'Add Freetext Condition' button.</strong></br>]]>
    </line>
    <line>
      <![CDATA[<h3><b style='color:#E27A12'>&nbsp;&nbsp;&nbsp;Verify that additional free text conditions added successfully.</h3></b>]]>
    </line>
    <line>
      <![CDATA[<strong> <h3 style="color:DarkGreen">  &#10004; <i>  SUCCESSFUL </i></h3> </strong> ]]>
    </line>
    <line>
      <![CDATA[<br><strong>Step 13 Click on close icon to close condition pop-up.</strong></br>]]>
    </line>
    <line>
      <![CDATA[<br><strong>Step 14 Click on 'Submit To Delegate' button to Move to Next task.</strong></br>]]>
    </line>
    <line>
      <![CDATA[<br><strong>Step 15 Click on 'Current Task' sub-panel.</strong></br>]]>
    </line>
    <line>
      <![CDATA[<h3><b style='color:#1466B8'>&nbsp;&nbsp;&nbsp; Verify that 'Review Additional conditions' task is available in 'Current Task' sub-panel.</h3></b>]]>
    </line>
    <line>
      <![CDATA[<br> <b>Please look to the screenshot - </b>]]>
    </line>
    <line>
      <![CDATA[</br>&nbsp;&nbsp;&nbsp;&nbsp;<br><Strong><font color=#FF0000>--Failed</font></strong></br>]]>
    </line>
    <line>
      <![CDATA[</br>&nbsp;&nbsp;&nbsp;&nbsp;<a href='../test-output/screenshots/120113214937completeInterviewInspectionWithConditionTask.png' target='_new'>120113214937completeInterviewInspectionWithConditionTask.png</a></br>]]>
    </line>
    <line>
      <![CDATA[<br></br><h3>Failure Reason:</h3>]]>
    </line>
    <line>
      <![CDATA[<br></br>org.openqa.selenium.NoSuchElementException: no such element: Unable to locate element: {&quot;method&quot;:&quot;xpath&quot;,&quot;selector&quot;:&quot;.//a[contains(text(),&apos;Review Additional conditions&apos;)]&quot;}]]>
    </line>
    <line>
      <![CDATA[<strong> <h3 style="color:DarkViolet"> TC_CRM_003: To verify Interview/Site inspection task to be available under Wildlife licencing queue and inpsecting screen to be available for the role -'Manager wildlife licencing'.</h3> </strong>]]>
    </line>
    <line>
      <![CDATA[<br><strong>Step 1 : Open CRM url:<a>https://owls-crm-qa.genixventures.com/index.php</a></strong></br>]]>
    </line>
    <line>
      <![CDATA[<br><strong>Step 2 Choose 'Standard Authentication' login method from Drop down.</strong></br>]]>
    </line>
    <line>
      <![CDATA[<br><strong>Step 3 Login to CRM as admin</strong></br>]]>
    </line>
    <line>
      <![CDATA[</br>&nbsp;&nbsp;&nbsp;&nbsp;CRM User Name : IOAuto</br>]]>
    </line>
    <line>
      <![CDATA[</br>&nbsp;&nbsp;&nbsp;&nbsp;CRM Password : dragon459</br>]]>
    </line>
    <line>
      <![CDATA[<br><strong>Step 4 Feed the advance search options and filter current application :Wildlife Basic Licence-Mr. Ankit PATEL</strong></br>]]>
    </line>
    <line>
      <![CDATA[</br>&nbsp;&nbsp;&nbsp;&nbsp; -> Click on Task Menu.</br>]]>
    </line>
    <line>
      <![CDATA[</br>&nbsp;&nbsp;&nbsp;&nbsp; -> Click on Filter Icon.</br>]]>
    </line>
    <line>
      <![CDATA[</br>&nbsp;&nbsp;&nbsp;&nbsp; -> Click on 'Advanced Filter Option' button</br>]]>
    </line>
    <line>
      <![CDATA[</br>&nbsp;&nbsp;&nbsp;&nbsp; -> Click on 'Clear' button to clear existing filtered feeds.</br>]]>
    </line>
    <line>
      <![CDATA[</br>&nbsp;&nbsp;&nbsp;&nbsp; -> Enter 'Related To' option as 'Application'.</br>]]>
    </line>
    <line>
      <![CDATA[</br>&nbsp;&nbsp;&nbsp;&nbsp; -> Enter 'Application Subject' :Wildlife Basic Licence-Mr. Ankit PATEL</br>]]>
    </line>
    <line>
      <![CDATA[</br>&nbsp;&nbsp;&nbsp;&nbsp; -> Select Status : Created,Started</br>]]>
    </line>
    <line>
      <![CDATA[<h3><b style='color:#1466B8'>&nbsp;&nbsp;&nbsp;Verify that Task status should be 'Interview/Site Inspection' </h3></b>]]>
    </line>
    <line>
      <![CDATA[<strong> <h3 style="color:DarkRed"> &#10008; <i> UNSUCCESSFUL </i></h3> </strong>]]>
    </line>
    <line>
      <![CDATA[<br> <b>Please look to the screenshot - </b>]]>
    </line>
    <line>
      <![CDATA[</br>&nbsp;&nbsp;&nbsp;&nbsp;<br><Strong><font color=#FF0000>--Failed</font></strong></br>]]>
    </line>
    <line>
      <![CDATA[</br>&nbsp;&nbsp;&nbsp;&nbsp;<a href='../test-output/screenshots/1201132405884completeInterviewInspectionWithConditionTask.png' target='_new'>1201132405884completeInterviewInspectionWithConditionTask.png</a></br>]]>
    </line>
    <line>
      <![CDATA[<br></br><h3>Failure Reason:</h3>]]>
    </line>
    <line>
      <![CDATA[<br></br>org.openqa.selenium.NoSuchElementException: no such element: Unable to locate element: {&quot;method&quot;:&quot;xpath&quot;,&quot;selector&quot;:&quot;.//a[contains(text(),&apos;Review Additional conditions&apos;)]&quot;}]]>
    </line>
    <line>
      <![CDATA[<br> <b>Please look to the screenshot - </b>]]>
    </line>
    <line>
      <![CDATA[</br>&nbsp;&nbsp;&nbsp;&nbsp;<br><Strong><font color=#FF0000>--Failed</font></strong></br>]]>
    </line>
    <line>
      <![CDATA[</br>&nbsp;&nbsp;&nbsp;&nbsp;<a href='../test-output/screenshots/1201132417305verifyAndCompleteReviewAdditionalTask.png' target='_new'>1201132417305verifyAndCompleteReviewAdditionalTask.png</a></br>]]>
    </line>
    <line>
      <![CDATA[<strong> <h3 style="color:DarkViolet"> TC_CRM_004: To verify Delegate Office take the 'Approval By Delegate' task to 'Await payment confirmation' task.</h3> </strong>]]>
    </line>
    <line>
      <![CDATA[<br> <b>Please look to the screenshot - </b>]]>
    </line>
    <line>
      <![CDATA[</br>&nbsp;&nbsp;&nbsp;&nbsp;<br><Strong><font color=#FF0000>--Failed</font></strong></br>]]>
    </line>
    <line>
      <![CDATA[</br>&nbsp;&nbsp;&nbsp;&nbsp;<a href='../test-output/screenshots/1201132450861verifyAndCompleteApproveDelegateTask.png' target='_new'>1201132450861verifyAndCompleteApproveDelegateTask.png</a></br>]]>
    </line>
    <line>
      <![CDATA[<strong> <h3 style="color:DarkViolet"> </h3> </strong>]]>
    </line>
    <line>
      <![CDATA[<br> <b>Please look to the screenshot - </b>]]>
    </line>
    <line>
      <![CDATA[</br>&nbsp;&nbsp;&nbsp;&nbsp;<br><Strong><font color=#FF0000>--Failed</font></strong></br>]]>
    </line>
    <line>
      <![CDATA[</br>&nbsp;&nbsp;&nbsp;&nbsp;<a href='../test-output/screenshots/1201132538223verifyPaymentNoticeAndAwaitingTask.png' target='_new'>1201132538223verifyPaymentNoticeAndAwaitingTask.png</a></br>]]>
    </line>
    <line>
      <![CDATA[<strong> <h3 style="color:DarkViolet"> TC_CRM_005: To verify OWLS internal user to complete 'Awaiting Payment Confirmation' task and to verify the Permit document is available for the online portal user to download.</h3> </strong>]]>
    </line>
    <line>
      <![CDATA[<br> <b>Please look to the screenshot - </b>]]>
    </line>
    <line>
      <![CDATA[</br>&nbsp;&nbsp;&nbsp;&nbsp;<br><Strong><font color=#FF0000>--Failed</font></strong></br>]]>
    </line>
    <line>
      <![CDATA[</br>&nbsp;&nbsp;&nbsp;&nbsp;<a href='../test-output/screenshots/1201132622347completeAwaitingPaymentConfirmationTask.png' target='_new'>1201132622347completeAwaitingPaymentConfirmationTask.png</a></br>]]>
    </line>
    <line>
      <![CDATA[<br><strong> Open CRM Application </strong></br>]]>
    </line>
    <line>
      <![CDATA[<br><strong>Choose 'Standard Authentication' login method from Drop down.</strong></br>]]>
    </line>
    <line>
      <![CDATA[<br><strong> Login to CRM as admin</strong></br>]]>
    </line>
    <line>
      <![CDATA[</br>&nbsp;&nbsp;&nbsp;&nbsp;CRM User Name : admin</br>]]>
    </line>
    <line>
      <![CDATA[</br>&nbsp;&nbsp;&nbsp;&nbsp;CRM Password : dragon459</br>]]>
    </line>
    <line>
      <![CDATA[<br><strong> Click on Owls Administrator </strong></br>]]>
    </line>
    <line>
      <![CDATA[<br><strong> Select Admin option .</strong></br>]]>
    </line>
    <line>
      <![CDATA[<br><strong> Click on Test Data CleanUP Option</strong></br>]]>
    </line>
    <line>
      <![CDATA[<br><strong> Select current user </strong></br>]]>
    </line>
    <line>
      <![CDATA[<br><strong> Click on Run Cleanup </strong></br>]]>
    </line>
    <line>
      <![CDATA[<br><strong> Open CRM Application </strong></br>]]>
    </line>
    <line>
      <![CDATA[<br><strong>Choose 'Standard Authentication' login method from Drop down.</strong></br>]]>
    </line>
    <line>
      <![CDATA[<br><strong> Login to CRM as admin</strong></br>]]>
    </line>
    <line>
      <![CDATA[</br>&nbsp;&nbsp;&nbsp;&nbsp;CRM User Name : admin</br>]]>
    </line>
    <line>
      <![CDATA[</br>&nbsp;&nbsp;&nbsp;&nbsp;CRM Password : dragon459</br>]]>
    </line>
    <line>
      <![CDATA[<br><strong> Click on Owls Administrator </strong></br>]]>
    </line>
    <line>
      <![CDATA[<br><strong> Select Admin option .</strong></br>]]>
    </line>
    <line>
      <![CDATA[<br><strong> Click on Test Data CleanUP Option</strong></br>]]>
    </line>
    <line>
      <![CDATA[<br><strong> Select current user </strong></br>]]>
    </line>
    <line>
      <![CDATA[<br><strong> Click on Run Cleanup </strong></br>]]>
    </line>
    <line>
      <![CDATA[<strong> <h3 style="color:DarkViolet"> TC_Portal_003: To verify that user is able to submite wildlife specimen licence application to OWLS portal.</h3> </strong>]]>
    </line>
    <line>
      <![CDATA[<br><strong>Step 1 Open url:<a>https://owls-portal-qa.genixventures.com/user/login</a></strong></br>]]>
    </line>
    <line>
      <![CDATA[<br><strong>Step 2 Enter Username.</strong></br>]]>
    </line>
    <line>
      <![CDATA[</br>&nbsp;&nbsp;&nbsp;&nbsp; Portal UserName: ankit.patel</br>]]>
    </line>
    <line>
      <![CDATA[<br><strong>Step 3 Enter Password.</strong></br>]]>
    </line>
    <line>
      <![CDATA[</br>&nbsp;&nbsp;&nbsp;&nbsp; Password: patel12!</br>]]>
    </line>
    <line>
      <![CDATA[<br><strong>Step 4 Click on Login icon.</strong></br>]]>
    </line>
    <line>
      <![CDATA[<br><strong>Step 5 Click on Personal Menu.</strong></br>]]>
    </line>
    <line>
      <![CDATA[<br><strong>Step 6 Click on Details Menu.</strong></br>]]>
    </line>
    <line>
      <![CDATA[<br><strong>Step 7 Click on Contact Details Option.</strong></br>]]>
    </line>
    <line>
      <![CDATA[<br><strong>Step 8 Click on Application Menu.</strong></br>]]>
    </line>
    <line>
      <![CDATA[<br><strong>Step 9 Click on Create Application button.</strong></br>]]>
    </line>
    <line>
      <![CDATA[<br><strong>Step 10 Select Application type from Drop down.</strong></br>]]>
    </line>
    <line>
      <![CDATA[<br><strong>Step 11 Click on Next button</strong></br>]]>
    </line>
    <line>
      <![CDATA[<h3><b style='color:#E27A12'>&nbsp;&nbsp;&nbsp;Verify Operating Address retrived correctly from User's Contact Details->Primary Address.</h3></b>]]>
    </line>
    <line>
      <![CDATA[<strong> <h3 style="color:DarkGreen">  &#10004; <i>  SUCCESSFUL </i></h3> </strong> ]]>
    </line>
    <line>
      <![CDATA[<br><strong>Step 12 Select 'Same as above' checkbox'.</strong></br>]]>
    </line>
    <line>
      <![CDATA[<h3><b style='color:#E27A12'>&nbsp;&nbsp;&nbsp;Verify Postal Address pasted correctly as same as Specified Premises.</h3></b>]]>
    </line>
    <line>
      <![CDATA[<strong> <h3 style="color:DarkGreen">  &#10004; <i>  SUCCESSFUL </i></h3> </strong> ]]>
    </line>
    <line>
      <![CDATA[<br><strong>13 Select 'I have prior convictions' radio button and enter offence details as below.</strong></br>]]>
    </line>
    <line>
      <![CDATA[</br>&nbsp;&nbsp;&nbsp;&nbsp;Offence: BoMlVQwncj</br>]]>
    </line>
    <line>
      <![CDATA[</br>&nbsp;&nbsp;&nbsp;&nbsp;Offence Year: 2005</br>]]>
    </line>
    <line>
      <![CDATA[</br>&nbsp;&nbsp;&nbsp;&nbsp;Offence State: VIC</br>]]>
    </line>
    <line>
      <![CDATA[<h3><b style='color:#E27A12'>&nbsp;&nbsp;&nbsp;Verify that Conviction data should be displayed below conviction form.</h3></b>]]>
    </line>
    <line>
      <![CDATA[<strong> <h3 style="color:DarkGreen">  &#10004; <i>  SUCCESSFUL </i></h3> </strong> ]]>
    </line>
    <line>
      <![CDATA[<br><strong>Step 14 Choose Prefered Licence Expiry.</strong></br>]]>
    </line>
    <line>
      <![CDATA[<br><strong>Step 15 Select 'Do you have any wildlife in your possession at the time of this application?' to YES.</strong></br>]]>
    </line>
    <line>
      <![CDATA[<br><strong>Step 16 Enter 'Licence Number'.</strong></br>]]>
    </line>
    <line>
      <![CDATA[<br><strong>Step 17 Select 'Species'.</strong></br>]]>
    </line>
    <line>
      <![CDATA[<br><strong>Step 18 Enter number of species.</strong></br>]]>
    </line>
    <line>
      <![CDATA[<br><strong>Step 19Select Species description (Alive/Dead)</strong></br>]]>
    </line>
    <line>
      <![CDATA[<br><strong>Step 20 Click on 'Add Species' button</strong></br>]]>
    </line>
    <line>
      <![CDATA[<h3><b style='color:#E27A12'>&nbsp;&nbsp;&nbsp;Verify that if User has selected any wildlife possession at the time of application persisted in the Species Table</h3></b>]]>
    </line>
    <line>
      <![CDATA[<strong> <h3 style="color:DarkGreen">  &#10004; <i>  SUCCESSFUL </i></h3> </strong> ]]>
    </line>
    <line>
      <![CDATA[<br><strong>Step 21 Choose I Agree from Declaration By Applicant Options.</strong></br>]]>
    </line>
    <line>
      <![CDATA[<br><strong>Step 22 Click on submit.</strong></br>]]>
    </line>
    <line>
      <![CDATA[<br><strong>Step 23 Navigate to My Application page.</strong></br>]]>
    </line>
    <line>
      <![CDATA[<h3><b style='color:#1466B8'>&nbsp;&nbsp;&nbsp;Verify that created application is displayed on Apllication list of 'My Application' page.</h3></b>]]>
    </line>
    <line>
      <![CDATA[<strong> <h3 style="color:DarkGreen">  &#10004; <i>  SUCCESSFUL </i></h3> </strong> ]]>
    </line>
    <line>
      <![CDATA[</br>&nbsp;&nbsp;&nbsp;&nbsp;<hr size='15px' noshade color='green'></br>]]>
    </line>
    <line>
      <![CDATA[<strong> <h3 style="color:DarkViolet"> TC_CRM_006: To verify OWLS internal user reviews the 'Review Application' task.</h3> </strong>]]>
    </line>
    <line>
      <![CDATA[<br><strong>Step 1 : Open portal url:<a>https://owls-portal-qa.genixventures.com/user/login</a></strong></br>]]>
    </line>
    <line>
      <![CDATA[<br><strong>Step 2 : Open CRM url:<a>https://owls-crm-qa.genixventures.com/index.php</a></strong></br>]]>
    </line>
    <line>
      <![CDATA[<br><strong>Step 3 Choose 'Standard Authentication' login method from Drop down.</strong></br>]]>
    </line>
    <line>
      <![CDATA[<br><strong>Step 4 Login to CRM as admin</strong></br>]]>
    </line>
    <line>
      <![CDATA[</br>&nbsp;&nbsp;&nbsp;&nbsp;CRM User Name : admin</br>]]>
    </line>
    <line>
      <![CDATA[</br>&nbsp;&nbsp;&nbsp;&nbsp;CRM Password : dragon459</br>]]>
    </line>
    <line>
      <![CDATA[<br><strong>Step 5 Advance search filter feeding with Application Name.</strong></br>]]>
    </line>
    <line>
      <![CDATA[</br>&nbsp;&nbsp;&nbsp;&nbsp; -> Click on Task Menu.</br>]]>
    </line>
    <line>
      <![CDATA[</br>&nbsp;&nbsp;&nbsp;&nbsp; -> Click on Filter Icon.</br>]]>
    </line>
    <line>
      <![CDATA[</br>&nbsp;&nbsp;&nbsp;&nbsp; -> Click on 'Advanced Filter Option' button</br>]]>
    </line>
    <line>
      <![CDATA[</br>&nbsp;&nbsp;&nbsp;&nbsp; -> Click on 'Clear' button to clear existing filtered feeds.</br>]]>
    </line>
    <line>
      <![CDATA[</br>&nbsp;&nbsp;&nbsp;&nbsp; -> Enter 'Related To' option as 'Application'.</br>]]>
    </line>
    <line>
      <![CDATA[</br>&nbsp;&nbsp;&nbsp;&nbsp; -> Enter 'Application Subject' :Wildlife Specimen Licence-Mr. Ankit PATEL</br>]]>
    </line>
    <line>
      <![CDATA[</br>&nbsp;&nbsp;&nbsp;&nbsp; -> Select Status : Created,Started</br>]]>
    </line>
    <line>
      <![CDATA[<h3><b style='color:#1466B8'>&nbsp;&nbsp;&nbsp;Verify that Task status should be 'Review Application' </h3></b>]]>
    </line>
    <line>
      <![CDATA[<strong> <h3 style="color:DarkGreen">  &#10004; <i>  SUCCESSFUL </i></h3> </strong> ]]>
    </line>
    <line>
      <![CDATA[</br>&nbsp;&nbsp;&nbsp;&nbsp;<hr size='15px' noshade color='green'></br>]]>
    </line>
    <line>
      <![CDATA[<strong> <h3 style="color:DarkViolet"> TC_CRM_007: To verify OWLS Internal user to progress the 'Review Application' task to 'Interview/Site Inspection' task.</h3> </strong>]]>
    </line>
    <line>
      <![CDATA[<br><strong>Step 1 : Open CRM url:<a>https://owls-crm-qa.genixventures.com/index.php</a></strong></br>]]>
    </line>
    <line>
      <![CDATA[<br><strong>Step 2 Choose 'Standard Authentication' login method from Drop down.</strong></br>]]>
    </line>
    <line>
      <![CDATA[<br><strong>Step 3 Login to CRM as admin</strong></br>]]>
    </line>
    <line>
      <![CDATA[</br>&nbsp;&nbsp;&nbsp;&nbsp;CRM User Name : admin</br>]]>
    </line>
    <line>
      <![CDATA[</br>&nbsp;&nbsp;&nbsp;&nbsp;CRM Password : dragon459</br>]]>
    </line>
    <line>
      <![CDATA[<br><strong>Step 4 Feed the advance search options and filter current application :Wildlife Specimen Licence-Mr. Ankit PATEL</strong></br>]]>
    </line>
    <line>
      <![CDATA[</br>&nbsp;&nbsp;&nbsp;&nbsp; -> Click on Task Menu.</br>]]>
    </line>
    <line>
      <![CDATA[</br>&nbsp;&nbsp;&nbsp;&nbsp; -> Click on Filter Icon.</br>]]>
    </line>
    <line>
      <![CDATA[</br>&nbsp;&nbsp;&nbsp;&nbsp; -> Click on 'Advanced Filter Option' button</br>]]>
    </line>
    <line>
      <![CDATA[</br>&nbsp;&nbsp;&nbsp;&nbsp; -> Click on 'Clear' button to clear existing filtered feeds.</br>]]>
    </line>
    <line>
      <![CDATA[</br>&nbsp;&nbsp;&nbsp;&nbsp; -> Enter 'Related To' option as 'Application'.</br>]]>
    </line>
    <line>
      <![CDATA[</br>&nbsp;&nbsp;&nbsp;&nbsp; -> Enter 'Application Subject' :Wildlife Specimen Licence-Mr. Ankit PATEL</br>]]>
    </line>
    <line>
      <![CDATA[</br>&nbsp;&nbsp;&nbsp;&nbsp; -> Select Status : Created,Started</br>]]>
    </line>
    <line>
      <![CDATA[<br><strong>Step 5 Click on Action link of Wildlife Specimen Licence-Mr. Ankit PATEL</strong></br>]]>
    </line>
    <line>
      <![CDATA[<br><strong>Step 6 Click on Start link to Start Review Application Task.</strong></br>]]>
    </line>
    <line>
      <![CDATA[<h3><b style='color:#E27A12'>&nbsp;&nbsp;&nbsp;Verify that Validation Error for Review Application task persisted correctly.</h3></b>]]>
    </line>
    <line>
      <![CDATA[<strong> <h3 style="color:DarkGreen">  &#10004; <i>  SUCCESSFUL </i></h3> </strong> ]]>
    </line>
    <line>
      <![CDATA[<br><strong>Step 7 Mousehover on Completion option and choose 'Completed' option to completed Review Application Errors.</strong></br>]]>
    </line>
    <line>
      <![CDATA[<br><strong>Step 8 Click on the Application link to redirect to Application Detail Page.</strong></br>]]>
    </line>
    <line>
      <![CDATA[</br>&nbsp;&nbsp;&nbsp;&nbsp;.//a[contains(text(),'Wildlife Specimen Licence-Mr. Ankit PATEL')]</br>]]>
    </line>
    <line>
      <![CDATA[<br><strong>Step 9 Click on 'Current Task' sub-panel.</strong></br>]]>
    </line>
    <line>
      <![CDATA[<h3><b style='color:#1466B8'>&nbsp;&nbsp;&nbsp; Verify that 'Interview / Site Inspection' task is available in 'Current Task' sub-panel.</h3></b>]]>
    </line>
    <line>
      <![CDATA[<strong> <h3 style="color:DarkGreen">  &#10004; <i>  SUCCESSFUL </i></h3> </strong> ]]>
    </line>
    <line>
      <![CDATA[</br>&nbsp;&nbsp;&nbsp;&nbsp;<hr size='15px' noshade color='green'></br>]]>
    </line>
    <line>
      <![CDATA[<strong> <h3 style="color:DarkViolet"> TC_CRM_008: To verify Interview/Site inspection task to be available under Wildlife licencing queue and inpsecting screen to be available for the role -'Manager wildlife licencing'.</h3> </strong>]]>
    </line>
    <line>
      <![CDATA[<br><strong>Step 1 : Open CRM url:<a>https://owls-crm-qa.genixventures.com/index.php</a></strong></br>]]>
    </line>
    <line>
      <![CDATA[<br><strong>Step 2 Choose 'Standard Authentication' login method from Drop down.</strong></br>]]>
    </line>
    <line>
      <![CDATA[<br><strong>Step 3 Login to CRM as admin</strong></br>]]>
    </line>
    <line>
      <![CDATA[</br>&nbsp;&nbsp;&nbsp;&nbsp;CRM User Name : IOAuto</br>]]>
    </line>
    <line>
      <![CDATA[</br>&nbsp;&nbsp;&nbsp;&nbsp;CRM Password : dragon459</br>]]>
    </line>
    <line>
      <![CDATA[<br><strong>Step 4 Feed the advance search options and filter current application :Wildlife Specimen Licence-Mr. Ankit PATEL</strong></br>]]>
    </line>
    <line>
      <![CDATA[</br>&nbsp;&nbsp;&nbsp;&nbsp; -> Click on Task Menu.</br>]]>
    </line>
    <line>
      <![CDATA[</br>&nbsp;&nbsp;&nbsp;&nbsp; -> Click on Filter Icon.</br>]]>
    </line>
    <line>
      <![CDATA[</br>&nbsp;&nbsp;&nbsp;&nbsp; -> Click on 'Advanced Filter Option' button</br>]]>
    </line>
    <line>
      <![CDATA[</br>&nbsp;&nbsp;&nbsp;&nbsp; -> Click on 'Clear' button to clear existing filtered feeds.</br>]]>
    </line>
    <line>
      <![CDATA[</br>&nbsp;&nbsp;&nbsp;&nbsp; -> Enter 'Related To' option as 'Application'.</br>]]>
    </line>
    <line>
      <![CDATA[</br>&nbsp;&nbsp;&nbsp;&nbsp; -> Enter 'Application Subject' :Wildlife Specimen Licence-Mr. Ankit PATEL</br>]]>
    </line>
    <line>
      <![CDATA[</br>&nbsp;&nbsp;&nbsp;&nbsp; -> Select Status : Created,Started</br>]]>
    </line>
    <line>
      <![CDATA[<h3><b style='color:#1466B8'>&nbsp;&nbsp;&nbsp;Verify that Task status should be 'Interview/Site Inspection' and Queue should be Wildlife Licensing Queue.</h3></b>]]>
    </line>
    <line>
      <![CDATA[<strong> <h3 style="color:DarkGreen">  &#10004; <i>  SUCCESSFUL </i></h3> </strong> ]]>
    </line>
    <line>
      <![CDATA[<br><strong>Step 5 Click on Action link of Wildlife Specimen Licence-Mr. Ankit PATEL</strong></br>]]>
    </line>
    <line>
      <![CDATA[<br><strong>Step 6 Click on Start link to Start 'Interview/Site Inspection' task.</strong></br>]]>
    </line>
    <line>
      <![CDATA[<h3><b style='color:#1466B8'>&nbsp;&nbsp;&nbsp;Verify that the user is redirected to Application Details Page and 'Interview/Site Inspection' panel is expanded to the user.</h3></b>]]>
    </line>
    <line>
      <![CDATA[<strong> <h3 style="color:DarkGreen">  &#10004; <i>  SUCCESSFUL </i></h3> </strong> ]]>
    </line>
    <line>
      <![CDATA[<br><strong>Step 7 Complete 'INSPECTING OFFICER ASSESSMENT' form as below and click on Save button.</strong></br>]]>
    </line>
    <line>
      <![CDATA[</br>&nbsp;&nbsp;&nbsp;&nbsp; -> Assessment Date Entered : 01-12-2017</br>]]>
    </line>
    <line>
      <![CDATA[</br>&nbsp;&nbsp;&nbsp;&nbsp; -> Selected 'How' Assessment Option : Site Visit</br>]]>
    </line>
    <line>
      <![CDATA[</br>&nbsp;&nbsp;&nbsp;&nbsp; -> Entered Present Comment : Present_Comment_dPCpWNIOgT</br>]]>
    </line>
    <line>
      <![CDATA[</br>&nbsp;&nbsp;&nbsp;&nbsp; -> Entered Comment Text: Comment_TxXPSyMZna</br>]]>
    </line>
    <line>
      <![CDATA[</br>&nbsp;&nbsp;&nbsp;&nbsp; -> Entered Concern Comment: Concerns_Comment_miVbCxyUtt</br>]]>
    </line>
    <line>
      <![CDATA[</br>&nbsp;&nbsp;&nbsp;&nbsp; -> Selected Delegate option:                                                        OWLS ADMINISTRATOR                                                    </br>]]>
    </line>
    <line>
      <![CDATA[</br>&nbsp;&nbsp;&nbsp;&nbsp; -> Selected Recommendation Option: APPROVE</br>]]>
    </line>
    <line>
      <![CDATA[<br><strong>Step 8 Click on 'Current Task' sub-panel.</strong></br>]]>
    </line>
    <line>
      <![CDATA[<h3><b style='color:#1466B8'>&nbsp;&nbsp;&nbsp; Verify that 'Approval By Delegate' task is available in 'Current Task' sub-panel.</h3></b>]]>
    </line>
    <line>
      <![CDATA[<strong> <h3 style="color:DarkGreen">  &#10004; <i>  SUCCESSFUL </i></h3> </strong> ]]>
    </line>
    <line>
      <![CDATA[</br>&nbsp;&nbsp;&nbsp;&nbsp;<hr size='15px' noshade color='green'></br>]]>
    </line>
    <line>
      <![CDATA[<strong> <h3 style="color:DarkViolet"> TC_CRM_009:  To verify Delegate Officer take the 'Approval By Delegate' task to 'Await payment confirmation' task.</h3> </strong>]]>
    </line>
    <line>
      <![CDATA[<br><strong>Step 1 : Open CRM url:<a>https://owls-crm-qa.genixventures.com/index.php</a></strong></br>]]>
    </line>
    <line>
      <![CDATA[<br><strong>Step 2 Choose 'Standard Authentication' login method from Drop down.</strong></br>]]>
    </line>
    <line>
      <![CDATA[<br><strong>Step 3 Login to CRM as admin</strong></br>]]>
    </line>
    <line>
      <![CDATA[</br>&nbsp;&nbsp;&nbsp;&nbsp;CRM User Name : admin</br>]]>
    </line>
    <line>
      <![CDATA[</br>&nbsp;&nbsp;&nbsp;&nbsp;CRM Password : dragon459</br>]]>
    </line>
    <line>
      <![CDATA[<br><strong>Step 4  Advance search filter feeding with Application Name(Wildlife Specimen Licence-Mr. Ankit PATEL) and short Task in desanding order according to date created.</strong></br>]]>
    </line>
    <line>
      <![CDATA[</br>&nbsp;&nbsp;&nbsp;&nbsp; -> Click on Task Menu.</br>]]>
    </line>
    <line>
      <![CDATA[</br>&nbsp;&nbsp;&nbsp;&nbsp; -> Click on Filter Icon.</br>]]>
    </line>
    <line>
      <![CDATA[</br>&nbsp;&nbsp;&nbsp;&nbsp; -> Click on 'Advanced Filter Option' button</br>]]>
    </line>
    <line>
      <![CDATA[</br>&nbsp;&nbsp;&nbsp;&nbsp; -> Click on 'Clear' button to clear existing filtered feeds.</br>]]>
    </line>
    <line>
      <![CDATA[</br>&nbsp;&nbsp;&nbsp;&nbsp; -> Enter 'Related To' option as 'Application'.</br>]]>
    </line>
    <line>
      <![CDATA[</br>&nbsp;&nbsp;&nbsp;&nbsp; -> Enter 'Application Subject' :Wildlife Specimen Licence-Mr. Ankit PATEL</br>]]>
    </line>
    <line>
      <![CDATA[</br>&nbsp;&nbsp;&nbsp;&nbsp; -> Select Status : Created,Started</br>]]>
    </line>
    <line>
[...]
            </line>
            <line>
              <![CDATA[<br><strong>Step 2 Choose 'Standard Authentication' login method from Drop down.</strong></br>]]>
            </line>
            <line>
              <![CDATA[<br><strong>Step 3 Login to CRM as admin</strong></br>]]>
            </line>
            <line>
              <![CDATA[</br>&nbsp;&nbsp;&nbsp;&nbsp;CRM User Name : admin</br>]]>
            </line>
            <line>
              <![CDATA[</br>&nbsp;&nbsp;&nbsp;&nbsp;CRM Password : dragon459</br>]]>
            </line>
            <line>
              <![CDATA[<br><strong>Step 4  Advance search filter feeding with Application Name(Wildlife Specimen Licence-Mr. Ankit PATEL) and short Task in desanding order according to date created.</strong></br>]]>
            </line>
            <line>
              <![CDATA[</br>&nbsp;&nbsp;&nbsp;&nbsp; -> Click on Task Menu.</br>]]>
            </line>
            <line>
              <![CDATA[</br>&nbsp;&nbsp;&nbsp;&nbsp; -> Click on Filter Icon.</br>]]>
            </line>
            <line>
              <![CDATA[</br>&nbsp;&nbsp;&nbsp;&nbsp; -> Click on 'Advanced Filter Option' button</br>]]>
            </line>
            <line>
              <![CDATA[</br>&nbsp;&nbsp;&nbsp;&nbsp; -> Click on 'Clear' button to clear existing filtered feeds.</br>]]>
            </line>
            <line>
              <![CDATA[</br>&nbsp;&nbsp;&nbsp;&nbsp; -> Enter 'Related To' option as 'Application'.</br>]]>
            </line>
            <line>
              <![CDATA[</br>&nbsp;&nbsp;&nbsp;&nbsp; -> Enter 'Application Subject' :Wildlife Specimen Licence-Mr. Ankit PATEL</br>]]>
            </line>
            <line>
              <![CDATA[</br>&nbsp;&nbsp;&nbsp;&nbsp; -> Select Status : Created,Started</br>]]>
            </line>
            <line>
              <![CDATA[<h3><b style='color:#1466B8'>&nbsp;&nbsp;&nbsp;Verify that Task status of application 'Wildlife Specimen Licence-Mr. Ankit PATEL' should be 'Approval By Delegate' </h3></b>]]>
            </line>
            <line>
              <![CDATA[<strong> <h3 style="color:DarkGreen">  &#10004; <i>  SUCCESSFUL </i></h3> </strong> ]]>
            </line>
            <line>
              <![CDATA[<br><strong>Step 5 Click on Action link of Wildlife Specimen Licence-Mr. Ankit PATEL</strong></br>]]>
            </line>
            <line>
              <![CDATA[<br><strong>Step 6 Click on Start link to Start 'Approval By Delegate' task.</strong></br>]]>
            </line>
            <line>
              <![CDATA[<h3><b style='color:#1466B8'>&nbsp;&nbsp;&nbsp;Verify that the user is redirected to Application Details Page and 'Delegate Decision' panel is expanded to the user.</h3></b>]]>
            </line>
            <line>
              <![CDATA[<strong> <h3 style="color:DarkGreen">  &#10004; <i>  SUCCESSFUL </i></h3> </strong> ]]>
            </line>
            <line>
              <![CDATA[<h3><b style='color:#1466B8'>&nbsp;&nbsp;&nbsp;Verify that Comments provided by Inspecting officer is correctly displayed to the Delegate Officer.</h3></b>]]>
            </line>
            <line>
              <![CDATA[<strong> <h3 style="color:DarkGreen">  &#10004; <i>  SUCCESSFUL </i></h3> </strong> ]]>
            </line>
            <line>
              <![CDATA[<br><strong>Step 7 Choose 'Approve' from Delegate 'Delegate Determination'.</strong></br>]]>
            </line>
            <line>
              <![CDATA[<br><strong>Step 8 Click on 'Verify' button to validate Delegate Signed .</strong></br>]]>
            </line>
            <line>
              <![CDATA[<h3><b style='color:#1466B8'>&nbsp;&nbsp;&nbsp;Verify that Delegate Signature validated and 'Record Decision' button enable to Click.</h3></b>]]>
            </line>
            <line>
              <![CDATA[<strong> <h3 style="color:DarkGreen">  &#10004; <i>  SUCCESSFUL </i></h3> </strong> ]]>
            </line>
            <line>
              <![CDATA[<br><strong>Step 9 Click on 'Deleate Decision' button to complete Delegate Task .</strong></br>]]>
            </line>
            <line>
              <![CDATA[<br><strong>Step 10 Click on 'Current Task' sub-panel.</strong></br>]]>
            </line>
            <line>
              <![CDATA[<h3><b style='color:#1466B8'>&nbsp;&nbsp;&nbsp;Verify that Approval By Delagate Task Completed successfully and 'Await payment confirmation' task is available in Current Task Panel.</h3></b>]]>
            </line>
            <line>
              <![CDATA[<strong> <h3 style="color:DarkGreen">  &#10004; <i>  SUCCESSFUL </i></h3> </strong> ]]>
            </line>
            <line>
              <![CDATA[</br>&nbsp;&nbsp;&nbsp;&nbsp;<hr size='15px' noshade color='green'></br>]]>
            </line>
          </reporter-output>
        </test-method> <!-- verifyAndCompleteApproveDelegateTask -->
        <test-method status="PASS" signature="tearDown(org.testng.ITestResult)[pri:0, instance:com.owls.crm.index.CRMIndex@2a742aa2]" name="tearDown" is-config="true" duration-ms="11629" started-at="2017-12-01T13:48:19Z" finished-at="2017-12-01T13:48:30Z">
          <params>
            <param index="0">
              <value>
                <![CDATA[[TestResult name=verifyAndCompleteApproveDelegateTask status=SUCCESS method=CRMIndex.verifyAndCompleteApproveDelegateTask(java.lang.String)[pri:0, instance:com.owls.crm.index.CRMIndex@2a742aa2] output=<strong> <h3 style="color:DarkViolet"> TC_CRM_009:  To verify Delegate Officer take the 'Approval By Delegate' task to 'Await payment confirmation' task.</h3> </strong>]]]>
              </value>
            </param>
          </params>
          <reporter-output>
          </reporter-output>
        </test-method> <!-- tearDown -->
      </class> <!-- com.owls.crm.index.CRMIndex -->
    </test> <!-- TC_CRM_009:  To verify Delegate Officer take the 'Approval By Delegate' task to 'Await payment confirmation' task. -->
    <test name="TC_Portal_004: The &#039;Payment Notice&#039; and &#039;Pay Fee&#039; links should be visible to Online Portal User. The online Portal user should be able to download The &#039;Payment Notice&#039;." duration-ms="54992" started-at="2017-12-01T08:18:30Z" finished-at="2017-12-01T08:19:25Z">
      <class name="com.owls.CreateApp.index.CreateApplicationIndex">
        <test-method status="PASS" signature="fetchSuiteConfiguration(org.testng.ITestContext)[pri:0, instance:com.owls.CreateApp.index.CreateApplicationIndex@307f6b8c]" name="fetchSuiteConfiguration" is-config="true" duration-ms="0" started-at="2017-12-01T13:48:30Z" finished-at="2017-12-01T13:48:30Z">
          <params>
            <param index="0">
              <value>
                <![CDATA[org.testng.TestRunner@69b0fd6f]]>
              </value>
            </param>
          </params>
          <reporter-output>
          </reporter-output>
        </test-method> <!-- fetchSuiteConfiguration -->
        <test-method status="PASS" signature="setUp(java.lang.reflect.Method, org.testng.ITestContext)[pri:0, instance:com.owls.CreateApp.index.CreateApplicationIndex@307f6b8c]" name="setUp" is-config="true" duration-ms="4759" started-at="2017-12-01T13:48:30Z" finished-at="2017-12-01T13:48:35Z">
          <params>
            <param index="0">
              <value>
                <![CDATA[public void com.owls.CreateApp.index.CreateApplicationIndex.verifyPaymentNoticeAndAwaitingTask() throws java.io.IOException]]>
              </value>
            </param>
            <param index="1">
              <value>
                <![CDATA[org.testng.TestRunner@69b0fd6f]]>
              </value>
            </param>
          </params>
          <reporter-output>
          </reporter-output>
        </test-method> <!-- setUp -->
        <test-method status="PASS" signature="verifyPaymentNoticeAndAwaitingTask()[pri:0, instance:com.owls.CreateApp.index.CreateApplicationIndex@307f6b8c]" name="verifyPaymentNoticeAndAwaitingTask" duration-ms="36559" started-at="2017-12-01T13:48:35Z" finished-at="2017-12-01T13:49:12Z">
          <reporter-output>
            <line>
              <![CDATA[<strong> <h3 style="color:DarkViolet"> </h3> </strong>]]>
            </line>
            <line>
              <![CDATA[<br><strong>Step 1 : Open url:<a>https://owls-portal-qa.genixventures.com/user/login</a></strong></br>]]>
            </line>
            <line>
              <![CDATA[<br><strong>Step 2 Enter Username.</strong></br>]]>
            </line>
            <line>
              <![CDATA[</br>&nbsp;&nbsp;&nbsp;&nbsp; Portal UserName: ankit.patel</br>]]>
            </line>
            <line>
              <![CDATA[<br><strong>Step 3 Enter Password.</strong></br>]]>
            </line>
            <line>
              <![CDATA[</br>&nbsp;&nbsp;&nbsp;&nbsp; Password: patel12!</br>]]>
            </line>
            <line>
              <![CDATA[<br><strong>Step 4 Click on Login icon.</strong></br>]]>
            </line>
            <line>
              <![CDATA[<br><strong>Step 5 Click on Personal Menu.</strong></br>]]>
            </line>
            <line>
              <![CDATA[<br><strong>Step 6 Click on Application Menu.</strong></br>]]>
            </line>
            <line>
              <![CDATA[<h3><b style='color:#1466B8'>&nbsp;&nbsp;&nbsp;Verify that 'Payment Notice' and 'Pay Fee' Links are available for Payment Pending Application.</h3></b>]]>
            </line>
            <line>
              <![CDATA[<strong> <h3 style="color:DarkGreen">  &#10004; <i>  SUCCESSFUL </i></h3> </strong> ]]>
            </line>
            <line>
              <![CDATA[</br>&nbsp;&nbsp;&nbsp;&nbsp;<hr size='15px' noshade color='green'></br>]]>
            </line>
          </reporter-output>
        </test-method> <!-- verifyPaymentNoticeAndAwaitingTask -->
        <test-method status="PASS" signature="tearDown(org.testng.ITestResult)[pri:0, instance:com.owls.CreateApp.index.CreateApplicationIndex@307f6b8c]" name="tearDown" is-config="true" duration-ms="13670" started-at="2017-12-01T13:49:12Z" finished-at="2017-12-01T13:49:25Z">
          <params>
            <param index="0">
              <value>
                <![CDATA[[TestResult name=verifyPaymentNoticeAndAwaitingTask status=SUCCESS method=CreateApplicationIndex.verifyPaymentNoticeAndAwaitingTask()[pri:0, instance:com.owls.CreateApp.index.CreateApplicationIndex@307f6b8c] output=<strong> <h3 style="color:DarkViolet"> </h3> </strong>]]]>
              </value>
            </param>
          </params>
          <reporter-output>
          </reporter-output>
        </test-method> <!-- tearDown -->
      </class> <!-- com.owls.CreateApp.index.CreateApplicationIndex -->
    </test> <!-- TC_Portal_004: The 'Payment Notice' and 'Pay Fee' links should be visible to Online Portal User. The online Portal user should be able to download The 'Payment Notice'. -->
    <test name="TC_CRM_010: To verify OWLS internal user to complete &#039;Awaiting Payment Confirmation&#039; task and to verify the Permit document is available for the online portal user to download." duration-ms="241436" started-at="2017-12-01T08:19:25Z" finished-at="2017-12-01T08:23:27Z">
      <class name="com.owls.crm.index.CRMIndex">
        <test-method status="PASS" signature="fetchSuiteConfiguration(org.testng.ITestContext)[pri:0, instance:com.owls.crm.index.CRMIndex@42f93a98]" name="fetchSuiteConfiguration" is-config="true" duration-ms="0" started-at="2017-12-01T13:49:25Z" finished-at="2017-12-01T13:49:25Z">
          <params>
            <param index="0">
              <value>
                <![CDATA[org.testng.TestRunner@757942a1]]>
              </value>
            </param>
          </params>
          <reporter-output>
          </reporter-output>
        </test-method> <!-- fetchSuiteConfiguration -->
        <test-method status="PASS" signature="setUp(java.lang.reflect.Method, org.testng.ITestContext)[pri:0, instance:com.owls.crm.index.CRMIndex@42f93a98]" name="setUp" is-config="true" duration-ms="4686" started-at="2017-12-01T13:49:25Z" finished-at="2017-12-01T13:49:30Z">
          <params>
            <param index="0">
              <value>
                <![CDATA[public void com.owls.crm.index.CRMIndex.completeAwaitingPaymentConfirmationTask(java.lang.String)]]>
              </value>
            </param>
            <param index="1">
              <value>
                <![CDATA[org.testng.TestRunner@757942a1]]>
              </value>
            </param>
          </params>
          <reporter-output>
          </reporter-output>
        </test-method> <!-- setUp -->
        <test-method status="PASS" signature="completeAwaitingPaymentConfirmationTask(java.lang.String)[pri:0, instance:com.owls.crm.index.CRMIndex@42f93a98]" name="completeAwaitingPaymentConfirmationTask" duration-ms="225158" started-at="2017-12-01T13:49:30Z" finished-at="2017-12-01T13:53:15Z">
          <params>
            <param index="0">
              <value>
                <![CDATA[TC_CRM_010: To verify OWLS internal user to complete 'Awaiting Payment Confirmation' task and to verify the Permit document is available for the online portal user to download.]]>
              </value>
            </param>
          </params>
          <reporter-output>
            <line>
              <![CDATA[<strong> <h3 style="color:DarkViolet"> TC_CRM_010: To verify OWLS internal user to complete 'Awaiting Payment Confirmation' task and to verify the Permit document is available for the online portal user to download.</h3> </strong>]]>
            </line>
            <line>
              <![CDATA[<br><strong>Step 1 : Open portal url:<a>https://owls-portal-qa.genixventures.com/user/login</a></strong></br>]]>
            </line>
            <line>
              <![CDATA[<br><strong>Step 2 Enter Username.</strong></br>]]>
            </line>
            <line>
              <![CDATA[</br>&nbsp;&nbsp;&nbsp;&nbsp; Portal UserName: ankit.patel</br>]]>
            </line>
            <line>
              <![CDATA[<br><strong>Step 3 Enter Password.</strong></br>]]>
            </line>
            <line>
              <![CDATA[</br>&nbsp;&nbsp;&nbsp;&nbsp; Password: patel12!</br>]]>
            </line>
            <line>
              <![CDATA[<br><strong>Step 4 Click on Login icon.</strong></br>]]>
            </line>
            <line>
              <![CDATA[<br><strong>Step 5 Click on Personal Menu.</strong></br>]]>
            </line>
            <line>
              <![CDATA[<br><strong>Step 6 Click on Permit Menu.</strong></br>]]>
            </line>
            <line>
              <![CDATA[<br><strong>Step 7 Get current number of Permit records.</strong></br>]]>
            </line>
            <line>
              <![CDATA[<br><strong>Step 8 : Open CRM url:<a>https://owls-crm-qa.genixventures.com/index.php</a></strong></br>]]>
            </line>
            <line>
              <![CDATA[<br><strong>Step 9 Choose 'Standard Authentication' login method from Drop down.</strong></br>]]>
            </line>
            <line>
              <![CDATA[<br><strong>Step 10 Login to CRM as admin</strong></br>]]>
            </line>
            <line>
              <![CDATA[</br>&nbsp;&nbsp;&nbsp;&nbsp;CRM User Name : admin</br>]]>
            </line>
            <line>
              <![CDATA[</br>&nbsp;&nbsp;&nbsp;&nbsp;CRM Password : dragon459</br>]]>
            </line>
            <line>
              <![CDATA[<br><strong>Step 11Advance search filter feeding with Application Name(Wildlife Specimen Licence-Mr. Ankit PATEL) and short Task in desanding order according to date created.</strong></br>]]>
            </line>
            <line>
              <![CDATA[</br>&nbsp;&nbsp;&nbsp;&nbsp; -> Click on Task Menu.</br>]]>
            </line>
            <line>
              <![CDATA[</br>&nbsp;&nbsp;&nbsp;&nbsp; -> Click on Filter Icon.</br>]]>
            </line>
            <line>
              <![CDATA[</br>&nbsp;&nbsp;&nbsp;&nbsp; -> Click on 'Advanced Filter Option' button</br>]]>
            </line>
            <line>
              <![CDATA[</br>&nbsp;&nbsp;&nbsp;&nbsp; -> Click on 'Clear' button to clear existing filtered feeds.</br>]]>
            </line>
            <line>
              <![CDATA[</br>&nbsp;&nbsp;&nbsp;&nbsp; -> Enter 'Related To' option as 'Application'.</br>]]>
            </line>
            <line>
              <![CDATA[</br>&nbsp;&nbsp;&nbsp;&nbsp; -> Enter 'Application Subject' :Wildlife Specimen Licence-Mr. Ankit PATEL</br>]]>
            </line>
            <line>
              <![CDATA[</br>&nbsp;&nbsp;&nbsp;&nbsp; -> Select Status : Created,Started</br>]]>
            </line>
            <line>
              <![CDATA[<h3><b style='color:#1466B8'>&nbsp;&nbsp;&nbsp;Verify that Task status of application 'Wildlife Specimen Licence-Mr. Ankit PATEL' should be 'Await payment confirmation' </h3></b>]]>
            </line>
            <line>
              <![CDATA[<strong> <h3 style="color:DarkGreen">  &#10004; <i>  SUCCESSFUL </i></h3> </strong> ]]>
            </line>
            <line>
              <![CDATA[<br><strong>Step 12 Click on Action link of Wildlife Specimen Licence-Mr. Ankit PATEL</strong></br>]]>
            </line>
            <line>
              <![CDATA[<br><strong>Step 13 Click on Start link to Start 'Approval By Delegate' task.</strong></br>]]>
            </line>
            <line>
              <![CDATA[<br><strong>Step 14 Click on Business Process icon available on the top right corner.</strong></br>]]>
            </line>
            <line>
              <![CDATA[<br><strong>Step 15 Choose 'Approved' Option to complete 'Await payment confirmation' task.</strong></br>]]>
            </line>
            <line>
              <![CDATA[<h3><b style='color:#1466B8'>&nbsp;&nbsp;&nbsp;Verify that the number of permit records are increased to 1.</h3></b>]]>
            </line>
            <line>
              <![CDATA[<strong> <h3 style="color:DarkGreen">  &#10004; <i>  SUCCESSFUL </i></h3> </strong> ]]>
            </line>
            <line>
              <![CDATA[</br>&nbsp;&nbsp;&nbsp;&nbsp;<hr size='15px' noshade color='green'></br>]]>
            </line>
          </reporter-output>
        </test-method> <!-- completeAwaitingPaymentConfirmationTask -->
        <test-method status="PASS" signature="tearDown(org.testng.ITestResult)[pri:0, instance:com.owls.crm.index.CRMIndex@42f93a98]" name="tearDown" is-config="true" duration-ms="11588" started-at="2017-12-01T13:53:15Z" finished-at="2017-12-01T13:53:27Z">
          <params>
            <param index="0">
              <value>
                <![CDATA[[TestResult name=completeAwaitingPaymentConfirmationTask status=SUCCESS method=CRMIndex.completeAwaitingPaymentConfirmationTask(java.lang.String)[pri:0, instance:com.owls.crm.index.CRMIndex@42f93a98] output=<strong> <h3 style="color:DarkViolet"> TC_CRM_010: To verify OWLS internal user to complete 'Awaiting Payment Confirmation' task and to verify the Permit document is available for the online portal user to download.</h3> </strong>]]]>
              </value>
            </param>
          </params>
          <reporter-output>
          </reporter-output>
        </test-method> <!-- tearDown -->
      </class> <!-- com.owls.crm.index.CRMIndex -->
    </test> <!-- TC_CRM_010: To verify OWLS internal user to complete 'Awaiting Payment Confirmation' task and to verify the Permit document is available for the online portal user to download. -->
  </suite> <!-- SpecimenApplicatioWithValidation -->
</testng-results>
